[18:21:27.235] Global cache location '/Users/adam/Library/Caches/typescript/4.3', safe file path '/opt/homebrew/lib/node_modules/typescript/lib/typingsafelist.json', types map path /opt/homebrew/lib/node_modules/typescript/lib/typesmap.json
[18:21:27.236] Processing cache location '/Users/adam/Library/Caches/typescript/4.3'
[18:21:27.236] Trying to find '/Users/adam/Library/Caches/typescript/4.3/package.json'...
[18:21:27.240] Loaded content of '/Users/adam/Library/Caches/typescript/4.3/package.json': {"private":true,"dependencies":{"types-registry":"^0.1.551"},"devDependencies":{"@types/accepts":"^1.3.5","@types/acorn":"^4.0.5","@types/animejs":"^3.1.4","@types/are-we-there-yet":"^1.1.0","@types/argparse":"^2.0.10","@types/aria-query":"^4.2.2","@types/arr-diff":"^4.0.0","@types/arr-union":"^3.1.0","@types/array-find-index":"^1.0.0","@types/array-sort":"^1.0.0","@types/array-unique":"^0.3.0","@types/array.prototype.flat":"^1.2.1","@types/array.prototype.flatmap":"^1.2.2","@types/asap":"^2.0.0","@types/async":"^3.2.7","@types/async-cache":"^1.1.0","@types/atob":"^2.1.2","@types/babel__core":"^7.1.15","@types/babel-plugin-macros":"^2.8.5","@types/babel-plugin-syntax-jsx":"^6.18.0","@types/babylon":"^6.16.6","@types/backo2":"^1.0.1","@types/balanced-match":"^1.0.1","@types/base64id":"^2.0.0","@types/better-queue":"^3.8.3","@types/big.js":"^6.1.1","@types/bindings":"^1.5.1","@types/bl":"^5.0.1","@types/bluebird":"^3.5.36","@types/bmp-js":"^0.1.0","@types/body-parser":"^1.19.1","@types/bonjour":"^3.5.9","@types/boolbase":"^1.0.0","@types/brace-expansion":"^1.1.0","@types/braces":"^3.0.1","@types/bser":"^2.0.0","@types/buffer-crc32":"^0.2.0","@types/buffer-equal":"^1.0.0","@types/buffer-from":"^1.1.0","@types/busboy":"^0.2.4","@types/bytes":"^3.1.1","@types/cacache":"^15.0.1","@types/cache-manager":"^3.4.2","@types/cacheable-request":"^6.0.2","@types/call-bind":"^1.0.0","@types/caniuse-api":"^3.0.2","@types/caniuse-lite":"^1.0.1","@types/chai":"^4.2.19","@types/chardet":"^0.8.1","@types/check-error":"^1.0.0","@types/chownr":"^1.0.0","@types/clone-deep":"^4.0.1","@types/co":"^4.6.2","@types/color":"^3.0.2","@types/color-convert":"^2.0.0","@types/color-name":"^1.1.1","@types/color-string":"^1.5.0","@types/combined-stream":"^1.0.3","@types/command-exists":"^1.2.0","@types/common-tags":"^1.8.1","@types/commondir":"^1.0.0","@types/component-emitter":"^1.2.10","@types/compressible":"^2.0.0","@types/compression":"^1.7.1","@types/concat-map":"^0.0.0","@types/concat-stream":"^1.6.1","@types/configstore":"^5.0.1","@types/confusing-browser-globals":"^1.0.0","@types/connect-history-api-fallback":"^1.3.5","@types/contains-path":"^1.0.1","@types/content-disposition":"^0.5.4","@types/content-type":"^1.1.5","@types/convert-source-map":"^1.5.2","@types/cookie":"^0.4.1","@types/cookie-signature":"^1.0.3","@types/copyfiles":"^2.4.1","@types/core-js":"^2.5.4","@types/cors":"^2.8.12","@types/cross-spawn":"^6.0.2","@types/css-declaration-sorter":"^6.0.1","@types/css-minimizer-webpack-plugin":"^3.0.2","@types/css-to-react-native":"^3.0.0","@types/css-tree":"^1.0.6","@types/cssesc":"^3.0.0","@types/cssnano":"^4.0.1","@types/csso":"^4.2.0","@types/cssom":"^0.4.1","@types/cssstyle":"^2.2.1","@types/d":"^1.0.1","@types/damerau-levenshtein":"^1.0.0","@types/data-urls":"^2.0.1","@types/date-and-time":"^0.13.0","@types/date-utils":"^1.2.0","@types/debug":"^4.1.6","@types/decode-uri-component":"^0.2.0","@types/decompress":"^4.2.4","@types/dedent":"^0.7.0","@types/deep-equal":"^1.0.1","@types/deep-extend":"^0.4.31","@types/default-gateway":"^3.0.1","@types/define-properties":"^1.1.3","@types/depd":"^1.1.32","@types/destroy":"^1.0.0","@types/detect-libc":"^1.0.0","@types/detect-node":"^2.0.0","@types/detect-port":"^1.3.1","@types/dicer":"^0.2.1","@types/diff":"^5.0.1","@types/dir-glob":"^2.0.1","@types/dns-packet":"^5.2.2","@types/doctrine":"^0.0.4","@types/domexception":"^2.0.1","@types/download":"^8.0.1","@types/duplexer3":"^0.1.1","@types/duplexify":"^3.6.0","@types/ee-first":"^1.1.0","@types/encodeurl":"^1.0.0","@types/end-of-stream":"^1.4.1","@types/engine.io":"^3.1.6","@types/engine.io-client":"^3.1.5","@types/ent":"^2.2.3","@types/envinfo":"^7.8.1","@types/es-abstract":"^1.17.3","@types/es-to-primitive":"^1.2.4","@types/es6-weak-map":"^1.2.0","@types/escape-html":"^1.0.1","@types/escodegen":"^0.0.6","@types/eslint":"^7.28.0","@types/eslint-config-prettier":"^6.11.0","@types/eslint-scope":"^3.7.1","@types/eslint-visitor-keys":"^1.0.0","@types/esprima":"^4.0.3","@types/esquery":"^1.0.2","@types/estraverse":"^5.1.1","@types/etag":"^1.8.1","@types/event-emitter":"^0.3.3","@types/events":"^3.0.0","@types/eventsource":"^1.1.6","@types/exit":"^0.1.31","@types/express":"^4.17.13","@types/extend":"^3.0.1","@types/extract-files":"^8.1.1","@types/fast-levenshtein":"^0.0.2","@types/fast-text-encoding":"^1.0.1","@types/fb-watchman":"^2.0.0","@types/file-entry-cache":"^5.0.2","@types/file-loader":"^5.0.1","@types/finalhandler":"^1.1.1","@types/find-cache-dir":"^3.2.1","@types/flat":"^5.0.1","@types/flat-cache":"^2.0.0","@types/follow-redirects":"^1.13.1","@types/forwarded":"^0.1.0","@types/fresh":"^0.5.0","@types/from2":"^2.3.1","@types/fs-extra":"^9.0.12","@types/function-bind":"^1.1.6","@types/functional-red-black-tree":"^1.0.1","@types/gatsby-transformer-remark":"^2.9.1","@types/get-func-name":"^2.0.0","@types/get-intrinsic":"^1.0.0","@types/get-value":"^3.0.2","@types/github-slugger":"^1.3.0","@types/glob":"^7.1.4","@types/glob-parent":"^5.1.1","@types/glob-to-regexp":"^0.4.1","@types/global-modules":"^2.0.0","@types/global-prefix":"^3.0.0","@types/google-maps":"^3.2.3","@types/got":"^9.6.12","@types/graceful-fs":"^4.1.5","@types/hapi__joi":"^17.1.6","@types/has":"^1.0.0","@types/has-ansi":"^5.0.0","@types/has-symbols":"^1.0.0","@types/he":"^1.1.1","@types/hex-color-regex":"^1.1.1","@types/hoist-non-react-statics":"^3.3.1","@types/hosted-git-info":"^3.0.2","@types/html-encoding-sniffer":"^2.0.1","@types/html-escaper":"^3.0.0","@types/http-cache-semantics":"^4.0.1","@types/http-errors":"^1.8.1","@types/http-proxy":"^1.17.7","@types/imagemin":"^7.0.1","@types/imagemin-mozjpeg":"^8.0.1","@types/imurmurhash":"^0.1.1","@types/inherits":"^0.0.30","@types/ini":"^1.3.30","@types/inquirer":"^7.3.3","@types/internal-slot":"^1.0.1","@types/invariant":"^2.2.34","@types/ip":"^1.1.0","@types/is-arguments":"^1.0.0","@types/is-buffer":"^2.0.0","@types/is-callable":"^1.1.0","@types/is-ci":"^3.0.0","@types/is-core-module":"^2.2.0","@types/is-date-object":"^1.0.1","@types/is-finite":"^1.0.0","@types/is-function":"^1.0.0","@types/is-glob":"^4.0.2","@types/is-natural-number":"^4.0.0","@types/is-number":"^7.0.1","@types/is-object":"^1.0.2","@types/is-regex":"^1.0.0","@types/is-relative":"^1.0.0","@types/is-ssh":"^1.3.0","@types/is-typedarray":"^1.0.0","@types/is-unc-path":"^1.0.0","@types/is-url":"^1.2.30","@types/is-utf8":"^0.2.0","@types/is-valid-path":"^0.1.0","@types/is-windows":"^1.0.0","@types/isarray":"^2.0.0","@types/isexe":"^2.0.1","@types/istanbul-lib-coverage":"^2.0.3","@types/istanbul-lib-instrument":"^1.7.4","@types/istanbul-lib-report":"^3.0.0","@types/istanbul-lib-source-maps":"^4.0.1","@types/istanbul-reports":"^3.0.1","@types/js-yaml":"^4.0.2","@types/jsdom":"^16.2.12","@types/jsesc":"^3.0.1","@types/json-buffer":"^3.0.0","@types/json-parse-better-errors":"^1.0.0","@types/json-stringify-safe":"^5.0.0","@types/json3":"^3.3.2","@types/jsonfile":"^6.0.1","@types/jsonwebtoken":"^8.5.2","@types/jws":"^3.2.3","@types/keyv":"^3.1.2","@types/kind-of":"^6.0.0","@types/language-tags":"^1.0.0","@types/loader-runner":"^2.2.4","@types/loader-utils":"^2.0.3","@types/lockfile":"^1.0.2","@types/lodash":"^4.14.171","@types/lodash.camelcase":"^4.3.6","@types/lodash.clonedeep":"^4.5.6","@types/lodash.debounce":"^4.0.6","@types/lodash.deburr":"^4.1.6","@types/lodash.every":"^4.6.6","@types/lodash.flatten":"^4.4.6","@types/lodash.flattendeep":"^4.4.6","@types/lodash.foreach":"^4.5.6","@types/lodash.get":"^4.4.6","@types/lodash.has":"^4.5.6","@types/lodash.includes":"^4.3.6","@types/lodash.isboolean":"^3.0.6","@types/lodash.isinteger":"^4.0.6","@types/lodash.isnumber":"^3.0.6","@types/lodash.isplainobject":"^4.0.6","@types/lodash.isstring":"^4.0.6","@types/lodash.iteratee":"^4.7.6","@types/lodash.kebabcase":"^4.1.6","@types/lodash.maxby":"^4.6.6","@types/lodash.memoize":"^4.1.6","@types/lodash.once":"^4.1.6","@types/lodash.template":"^4.5.0","@types/lodash.truncate":"^4.4.6","@types/lodash.uniq":"^4.5.6","@types/lodash.without":"^4.4.6","@types/long":"^4.0.1","@types/lru-cache":"^5.1.1","@types/mdurl":"^1.0.2","@types/media-typer":"^1.1.1","@types/memoizee":"^0.4.6","@types/memory-fs":"^0.3.3","@types/merge-descriptors":"^1.0.1","@types/merge-stream":"^1.1.2","@types/merge2":"^1.3.1","@types/methods":"^1.1.1","@types/micromatch":"^4.0.2","@types/mime":"^2.0.3","@types/mime-db":"^1.43.1","@types/mime-types":"^2.1.0","@types/min-document":"^2.19.0","@types/min-indent":"^1.0.0","@types/mini-css-extract-plugin":"^2.0.1","@types/minimalistic-assert":"^1.0.1","@types/minimatch":"^3.0.5","@types/minimist":"^1.2.2","@types/minipass":"^2.2.1","@types/minizlib":"^2.1.2","@types/mkdirp":"^1.0.2","@types/mocha":"^8.2.2","@types/mozjpeg":"^5.0.0","@types/ms":"^0.7.31","@types/multer":"^1.4.7","@types/multicast-dns":"^7.2.1","@types/mute-stream":"^0.0.1","@types/name-all-modules-plugin":"^1.0.1","@types/natural-compare":"^1.4.1","@types/needle":"^2.5.2","@types/negotiator":"^0.6.1","@types/next-tick":"^1.0.0","@types/nice-try":"^2.1.0","@types/node":"^15.12.4","@types/node-abi":"^2.10.0","@types/node-fetch":"^2.5.12","@types/node-forge":"^0.10.2","@types/node-int64":"^0.4.29","@types/normalize-package-data":"^2.4.1","@types/normalize-path":"^3.0.0","@types/npmlog":"^4.1.3","@types/number-is-nan":"^2.0.0","@types/nwsapi":"^2.2.1","@types/object-assign":"^4.0.30","@types/object-inspect":"^1.8.1","@types/object-keys":"^1.0.1","@types/object-path":"^0.11.1","@types/object.fromentries":"^2.0.1","@types/object.getownpropertydescriptors":"^2.1.1","@types/object.pick":"^1.3.1","@types/omggif":"^1.0.2","@types/on-finished":"^2.3.1","@types/on-headers":"^1.0.0","@types/once":"^1.4.0","@types/original":"^1.0.0","@types/os-tmpdir":"^1.0.0","@types/pako":"^1.0.2","@types/parse-json":"^4.0.0","@types/parse-numeric-range":"^0.0.1","@types/parse-path":"^4.0.1","@types/parse5":"^6.0.1","@types/parse5-htmlparser2-tree-adapter":"^6.0.1","@types/parseurl":"^1.3.1","@types/pascalcase":"^1.0.0","@types/path-is-absolute":"^1.0.0","@types/path-is-inside":"^1.0.0","@types/path-parse":"^1.0.19","@types/pathval":"^1.1.0","@types/physical-cpu-count":"^2.0.0","@types/picomatch":"^2.2.5","@types/pify":"^5.0.1","@types/pixelmatch":"^5.2.4","@types/platform":"^1.3.4","@types/pngjs":"^6.0.1","@types/pngquant-bin":"^4.0.0","@types/postcss-calc":"^7.0.2","@types/prelude-ls":"^1.1.29","@types/prettier":"^2.3.2","@types/prismjs":"^1.16.6","@types/probe-image-size":"^7.0.1","@types/progress":"^2.0.4","@types/promise-inflight":"^1.0.0","@types/prompts":"^2.0.14","@types/prop-types":"^15.7.4","@types/proper-lockfile":"^4.1.2","@types/protocols":"^1.4.0","@types/proxy-addr":"^2.0.0","@types/psl":"^1.1.0","@types/pump":"^1.1.1","@types/pumpify":"^1.4.1","@types/punycode":"^2.1.0","@types/q":"^1.5.5","@types/qs":"^6.9.7","@types/querystringify":"^2.0.0","@types/randombytes":"^2.0.0","@types/range-parser":"^1.2.4","@types/rc":"^1.1.0","@types/react":"^17.0.15","@types/react-dev-utils":"^9.0.7","@types/react-dom":"^17.0.9","@types/react-helmet":"^6.1.2","@types/react-is":"^17.0.2","@types/react-lifecycles-compat":"^3.0.1","@types/react-side-effect":"^1.1.1","@types/react-transition-group":"^4.4.2","@types/read":"^0.0.29","@types/readable-stream":"^2.3.11","@types/recursive-readdir":"^2.2.0","@types/regenerate":"^1.4.1","@types/regenerator-runtime":"^0.13.1","@types/registry-auth-token":"^4.2.1","@types/repeat-element":"^1.1.0","@types/repeat-string":"^1.6.1","@types/repeating":"^3.0.0","@types/replace-ext":"^2.0.0","@types/request":"^2.48.5","@types/require-directory":"^2.1.2","@types/require-from-string":"^1.2.1","@types/requires-port":"^1.0.0","@types/resolve":"^1.20.1","@types/responselike":"^1.0.0","@types/retry":"^0.12.1","@types/rimraf":"^3.0.1","@types/run-parallel":"^1.1.0","@types/safe-regex":"^1.1.3","@types/safer-buffer":"^2.1.0","@types/sanitize-html":"^2.3.2","@types/sax":"^1.2.3","@types/scheduler":"^0.16.2","@types/scrollreveal":"^0.0.7","@types/semver":"^7.3.8","@types/semver-compare":"^1.0.1","@types/send":"^0.17.1","@types/serialize-javascript":"^5.0.1","@types/serve-index":"^1.9.1","@types/serve-static":"^1.13.10","@types/set-value":"^4.0.1","@types/shallowequal":"^1.1.1","@types/sharp":"^0.28.4","@types/shebang-command":"^1.2.0","@types/shell-quote":"^1.7.1","@types/signal-exit":"^3.0.1","@types/single-trailing-newline":"^1.0.0","@types/slice-ansi":"^5.0.0","@types/smooth-scroll":"^16.1.1","@types/sockjs":"^0.3.33","@types/sockjs-client":"^1.5.1","@types/source-list-map":"^0.1.2","@types/source-map-support":"^0.5.4","@types/spdx-correct":"^2.0.0","@types/spdx-expression-parse":"^3.0.1","@types/spdy":"^3.4.5","@types/sprintf":"^0.1.0","@types/sprintf-js":"^1.1.2","@types/ssri":"^7.1.1","@types/stack-trace":"^0.0.29","@types/stack-utils":"^2.0.0","@types/statuses":"^2.0.0","@types/stream-shift":"^1.0.0","@types/strict-uri-encode":"^2.0.0","@types/string-natural-compare":"^3.0.2","@types/string-similarity":"^4.0.0","@types/string.prototype.matchall":"^4.0.0","@types/stringify-object":"^3.3.1","@types/strip-comments":"^2.0.1","@types/strip-final-newline":"^3.0.0","@types/styled-components":"^5.1.11","@types/supports-color":"^8.1.1","@types/svgo":"^2.3.1","@types/symbol-tree":"^3.2.1","@types/tar":"^4.0.5","@types/tar-fs":"^2.0.1","@types/tar-stream":"^2.2.1","@types/terser-webpack-plugin":"^5.0.4","@types/text-table":"^0.2.2","@types/through":"^0.0.30","@types/through2":"^2.0.36","@types/thunky":"^1.1.0","@types/timsort":"^0.3.0","@types/tinycolor2":"^1.4.3","@types/tmp":"^0.2.1","@types/tough-cookie":"^4.0.0","@types/trim":"^0.1.1","@types/type-check":"^0.3.27","@types/type-detect":"^4.0.1","@types/type-is":"^1.6.3","@types/unc-path-regex":"^0.1.0","@types/underscore":"^1.11.2","@types/underscore.string":"^0.0.38","@types/uniq":"^0.0.27","@types/universalify":"^1.0.0","@types/unixify":"^1.0.0","@types/update-notifier":"^5.0.1","@types/urix":"^0.1.0","@types/url-parse":"^1.4.3","@types/url-template":"^2.0.28","@types/utif":"^3.0.1","@types/util-deprecate":"^1.0.0","@types/util.promisify":"^1.0.4","@types/utils-merge":"^0.0.28","@types/uuid":"^8.3.1","@types/valid-url":"^1.0.3","@types/validate-npm-package-license":"^3.0.1","@types/vary":"^1.1.0","@types/w3c-hr-time":"^1.0.0","@types/w3c-xmlserializer":"^2.0.1","@types/watchpack":"^1.1.7","@types/webidl-conversions":"^6.1.0","@types/webpack-assets-manifest":"^5.0.1","@types/webpack-dev-middleware":"^5.0.1","@types/webpack-dev-server":"^3.11.5","@types/webpack-sources":"^2.1.1","@types/webpack-stats-plugin":"^0.3.2","@types/webpack-virtual-modules":"^0.1.1","@types/whatwg-encoding":"^1.0.0","@types/whatwg-mimetype":"^2.1.0","@types/whatwg-url":"^8.2.0","@types/which":"^2.0.1","@types/workbox-background-sync":"^4.3.2","@types/workbox-broadcast-update":"^4.3.1","@types/workbox-build":"^5.0.1","@types/workbox-cacheable-response":"^4.3.1","@types/workbox-core":"^4.3.1","@types/workbox-expiration":"^4.3.1","@types/workbox-google-analytics":"^4.3.1","@types/workbox-navigation-preload":"^4.3.0","@types/workbox-precaching":"^4.3.1","@types/workbox-range-requests":"^4.3.0","@types/workbox-routing":"^4.3.1","@types/workbox-strategies":"^4.3.1","@types/workbox-streams":"^4.3.0","@types/workbox-sw":"^4.3.2","@types/workbox-window":"^4.3.4","@types/wrap-ansi":"^8.0.1","@types/write":"^2.0.0","@types/write-file-atomic":"^3.0.2","@types/ws":"^7.4.7","@types/xml2js":"^0.4.9","@types/xmldom":"^0.1.30","@types/xtend":"^4.0.3","@types/y18n":"^4.0.0","@types/yallist":"^4.0.1","@types/yargs":"^17.0.2","@types/yargs-parser":"^20.2.1","@types/yargs-unparser":"^2.0.0","@types/yauzl":"^2.9.2","@types/yeast":"^0.1.1"}}
[18:21:27.241] Loaded content of '/Users/adam/Library/Caches/typescript/4.3/package-lock.json'
[18:21:27.246] Adding entry into typings cache: 'accepts' => '/Users/adam/Library/Caches/typescript/4.3/node_modules/@types/accepts/index.d.ts'
[18:21:27.249] Adding entry into typings cache: 'acorn' => '/Users/adam/Library/Caches/typescript/4.3/node_modules/acorn/dist/acorn.d.ts'
[18:21:27.251] Adding entry into typings cache: 'animejs' => '/Users/adam/Library/Caches/typescript/4.3/node_modules/@types/animejs/index.d.ts'
[18:21:27.252] Adding entry into typings cache: 'are-we-there-yet' => '/Users/adam/Library/Caches/typescript/4.3/node_modules/@types/are-we-there-yet/index.d.ts'
[18:21:27.254] Adding entry into typings cache: 'argparse' => '/Users/adam/Library/Caches/typescript/4.3/node_modules/@types/argparse/index.d.ts'
[18:21:27.255] Adding entry into typings cache: 'aria-query' => '/Users/adam/Library/Caches/typescript/4.3/node_modules/@types/aria-query/index.d.ts'
[18:21:27.258] Adding entry into typings cache: 'arr-diff' => '/Users/adam/Library/Caches/typescript/4.3/node_modules/@types/arr-diff/index.d.ts'
[18:21:27.261] Adding entry into typings cache: 'arr-union' => '/Users/adam/Library/Caches/typescript/4.3/node_modules/@types/arr-union/index.d.ts'
[18:21:27.262] Adding entry into typings cache: 'array-find-index' => '/Users/adam/Library/Caches/typescript/4.3/node_modules/@types/array-find-index/index.d.ts'
[18:21:27.263] Adding entry into typings cache: 'array-sort' => '/Users/adam/Library/Caches/typescript/4.3/node_modules/@types/array-sort/index.d.ts'
[18:21:27.265] Adding entry into typings cache: 'array-unique' => '/Users/adam/Library/Caches/typescript/4.3/node_modules/@types/array-unique/index.d.ts'
[18:21:27.266] Adding entry into typings cache: 'array.prototype.flat' => '/Users/adam/Library/Caches/typescript/4.3/node_modules/@types/array.prototype.flat/index.d.ts'
[18:21:27.267] Adding entry into typings cache: 'array.prototype.flatmap' => '/Users/adam/Library/Caches/typescript/4.3/node_modules/@types/array.prototype.flatmap/index.d.ts'
[18:21:27.268] Adding entry into typings cache: 'asap' => '/Users/adam/Library/Caches/typescript/4.3/node_modules/@types/asap/index.d.ts'
[18:21:27.270] Adding entry into typings cache: 'async' => '/Users/adam/Library/Caches/typescript/4.3/node_modules/@types/async/index.d.ts'
[18:21:27.270] Adding entry into typings cache: 'async-cache' => '/Users/adam/Library/Caches/typescript/4.3/node_modules/@types/async-cache/index.d.ts'
[18:21:27.272] Adding entry into typings cache: 'atob' => '/Users/adam/Library/Caches/typescript/4.3/node_modules/@types/atob/index.d.ts'
[18:21:27.274] Adding entry into typings cache: 'babel__core' => '/Users/adam/Library/Caches/typescript/4.3/node_modules/@types/babel__core/index.d.ts'
[18:21:27.275] Adding entry into typings cache: 'babel-plugin-macros' => '/Users/adam/Library/Caches/typescript/4.3/node_modules/@types/babel-plugin-macros/index.d.ts'
[18:21:27.275] Adding entry into typings cache: 'babel-plugin-syntax-jsx' => '/Users/adam/Library/Caches/typescript/4.3/node_modules/@types/babel-plugin-syntax-jsx/index.d.ts'
[18:21:27.276] Adding entry into typings cache: 'babylon' => '/Users/adam/Library/Caches/typescript/4.3/node_modules/@types/babylon/index.d.ts'
[18:21:27.277] Adding entry into typings cache: 'backo2' => '/Users/adam/Library/Caches/typescript/4.3/node_modules/@types/backo2/index.d.ts'
[18:21:27.278] Adding entry into typings cache: 'balanced-match' => '/Users/adam/Library/Caches/typescript/4.3/node_modules/@types/balanced-match/index.d.ts'
[18:21:27.279] Adding entry into typings cache: 'base64id' => '/Users/adam/Library/Caches/typescript/4.3/node_modules/@types/base64id/index.d.ts'
[18:21:27.279] Adding entry into typings cache: 'better-queue' => '/Users/adam/Library/Caches/typescript/4.3/node_modules/@types/better-queue/index.d.ts'
[18:21:27.280] Adding entry into typings cache: 'big.js' => '/Users/adam/Library/Caches/typescript/4.3/node_modules/@types/big.js/index.d.ts'
[18:21:27.282] Adding entry into typings cache: 'bindings' => '/Users/adam/Library/Caches/typescript/4.3/node_modules/@types/bindings/index.d.ts'
[18:21:27.283] Adding entry into typings cache: 'bl' => '/Users/adam/Library/Caches/typescript/4.3/node_modules/@types/bl/index.d.ts'
[18:21:27.284] Adding entry into typings cache: 'bluebird' => '/Users/adam/Library/Caches/typescript/4.3/node_modules/@types/bluebird/index.d.ts'
[18:21:27.285] Adding entry into typings cache: 'bmp-js' => '/Users/adam/Library/Caches/typescript/4.3/node_modules/@types/bmp-js/index.d.ts'
[18:21:27.285] Adding entry into typings cache: 'body-parser' => '/Users/adam/Library/Caches/typescript/4.3/node_modules/@types/body-parser/index.d.ts'
[18:21:27.286] Adding entry into typings cache: 'bonjour' => '/Users/adam/Library/Caches/typescript/4.3/node_modules/@types/bonjour/index.d.ts'
[18:21:27.287] Adding entry into typings cache: 'boolbase' => '/Users/adam/Library/Caches/typescript/4.3/node_modules/@types/boolbase/index.d.ts'
[18:21:27.288] Adding entry into typings cache: 'brace-expansion' => '/Users/adam/Library/Caches/typescript/4.3/node_modules/@types/brace-expansion/index.d.ts'
[18:21:27.290] Adding entry into typings cache: 'braces' => '/Users/adam/Library/Caches/typescript/4.3/node_modules/@types/braces/index.d.ts'
[18:21:27.291] Adding entry into typings cache: 'bser' => '/Users/adam/Library/Caches/typescript/4.3/node_modules/@types/bser/index.d.ts'
[18:21:27.292] Adding entry into typings cache: 'buffer-crc32' => '/Users/adam/Library/Caches/typescript/4.3/node_modules/@types/buffer-crc32/index.d.ts'
[18:21:27.293] Adding entry into typings cache: 'buffer-equal' => '/Users/adam/Library/Caches/typescript/4.3/node_modules/@types/buffer-equal/index.d.ts'
[18:21:27.294] Adding entry into typings cache: 'buffer-from' => '/Users/adam/Library/Caches/typescript/4.3/node_modules/@types/buffer-from/index.d.ts'
[18:21:27.295] Adding entry into typings cache: 'busboy' => '/Users/adam/Library/Caches/typescript/4.3/node_modules/@types/busboy/index.d.ts'
[18:21:27.296] Adding entry into typings cache: 'bytes' => '/Users/adam/Library/Caches/typescript/4.3/node_modules/@types/bytes/index.d.ts'
[18:21:27.296] Adding entry into typings cache: 'cacache' => '/Users/adam/Library/Caches/typescript/4.3/node_modules/@types/cacache/index.d.ts'
[18:21:27.297] Adding entry into typings cache: 'cache-manager' => '/Users/adam/Library/Caches/typescript/4.3/node_modules/@types/cache-manager/index.d.ts'
[18:21:27.298] Adding entry into typings cache: 'cacheable-request' => '/Users/adam/Library/Caches/typescript/4.3/node_modules/@types/cacheable-request/index.d.ts'
[18:21:27.299] Adding entry into typings cache: 'call-bind' => '/Users/adam/Library/Caches/typescript/4.3/node_modules/@types/call-bind/index.d.ts'
[18:21:27.300] Adding entry into typings cache: 'caniuse-api' => '/Users/adam/Library/Caches/typescript/4.3/node_modules/@types/caniuse-api/index.d.ts'
[18:21:27.302] Adding entry into typings cache: 'caniuse-lite' => '/Users/adam/Library/Caches/typescript/4.3/node_modules/@types/caniuse-lite/index.d.ts'
[18:21:27.303] Adding entry into typings cache: 'chai' => '/Users/adam/Library/Caches/typescript/4.3/node_modules/@types/chai/index.d.ts'
[18:21:27.304] Adding entry into typings cache: 'chardet' => '/Users/adam/Library/Caches/typescript/4.3/node_modules/@types/chardet/index.d.ts'
[18:21:27.305] Adding entry into typings cache: 'check-error' => '/Users/adam/Library/Caches/typescript/4.3/node_modules/@types/check-error/index.d.ts'
[18:21:27.306] Adding entry into typings cache: 'chownr' => '/Users/adam/Library/Caches/typescript/4.3/node_modules/@types/chownr/index.d.ts'
[18:21:27.307] Adding entry into typings cache: 'clone-deep' => '/Users/adam/Library/Caches/typescript/4.3/node_modules/@types/clone-deep/index.d.ts'
[18:21:27.307] Adding entry into typings cache: 'co' => '/Users/adam/Library/Caches/typescript/4.3/node_modules/@types/co/index.d.ts'
[18:21:27.308] Adding entry into typings cache: 'color' => '/Users/adam/Library/Caches/typescript/4.3/node_modules/@types/color/index.d.ts'
[18:21:27.310] Adding entry into typings cache: 'color-convert' => '/Users/adam/Library/Caches/typescript/4.3/node_modules/@types/color-convert/index.d.ts'
[18:21:27.311] Adding entry into typings cache: 'color-name' => '/Users/adam/Library/Caches/typescript/4.3/node_modules/@types/color-name/index.d.ts'
[18:21:27.312] Adding entry into typings cache: 'color-string' => '/Users/adam/Library/Caches/typescript/4.3/node_modules/@types/color-string/index.d.ts'
[18:21:27.314] Adding entry into typings cache: 'combined-stream' => '/Users/adam/Library/Caches/typescript/4.3/node_modules/@types/combined-stream/index.d.ts'
[18:21:27.315] Adding entry into typings cache: 'command-exists' => '/Users/adam/Library/Caches/typescript/4.3/node_modules/@types/command-exists/index.d.ts'
[18:21:27.316] Adding entry into typings cache: 'common-tags' => '/Users/adam/Library/Caches/typescript/4.3/node_modules/@types/common-tags/index.d.ts'
[18:21:27.317] Adding entry into typings cache: 'commondir' => '/Users/adam/Library/Caches/typescript/4.3/node_modules/@types/commondir/index.d.ts'
[18:21:27.318] Adding entry into typings cache: 'component-emitter' => '/Users/adam/Library/Caches/typescript/4.3/node_modules/@types/component-emitter/index.d.ts'
[18:21:27.320] Adding entry into typings cache: 'compressible' => '/Users/adam/Library/Caches/typescript/4.3/node_modules/@types/compressible/index.d.ts'
[18:21:27.321] Adding entry into typings cache: 'compression' => '/Users/adam/Library/Caches/typescript/4.3/node_modules/@types/compression/index.d.ts'
[18:21:27.322] Adding entry into typings cache: 'concat-map' => '/Users/adam/Library/Caches/typescript/4.3/node_modules/@types/concat-map/index.d.ts'
[18:21:27.323] Adding entry into typings cache: 'concat-stream' => '/Users/adam/Library/Caches/typescript/4.3/node_modules/@types/concat-stream/index.d.ts'
[18:21:27.324] Adding entry into typings cache: 'configstore' => '/Users/adam/Library/Caches/typescript/4.3/node_modules/@types/configstore/index.d.ts'
[18:21:27.325] Adding entry into typings cache: 'confusing-browser-globals' => '/Users/adam/Library/Caches/typescript/4.3/node_modules/@types/confusing-browser-globals/index.d.ts'
[18:21:27.327] Adding entry into typings cache: 'connect-history-api-fallback' => '/Users/adam/Library/Caches/typescript/4.3/node_modules/@types/connect-history-api-fallback/index.d.ts'
[18:21:27.328] Adding entry into typings cache: 'contains-path' => '/Users/adam/Library/Caches/typescript/4.3/node_modules/@types/contains-path/index.d.ts'
[18:21:27.328] Adding entry into typings cache: 'content-disposition' => '/Users/adam/Library/Caches/typescript/4.3/node_modules/@types/content-disposition/index.d.ts'
[18:21:27.329] Adding entry into typings cache: 'content-type' => '/Users/adam/Library/Caches/typescript/4.3/node_modules/@types/content-type/index.d.ts'
[18:21:27.330] Adding entry into typings cache: 'convert-source-map' => '/Users/adam/Library/Caches/typescript/4.3/node_modules/@types/convert-source-map/index.d.ts'
[18:21:27.331] Adding entry into typings cache: 'cookie' => '/Users/adam/Library/Caches/typescript/4.3/node_modules/@types/cookie/index.d.ts'
[18:21:27.332] Adding entry into typings cache: 'cookie-signature' => '/Users/adam/Library/Caches/typescript/4.3/node_modules/@types/cookie-signature/index.d.ts'
[18:21:27.333] Adding entry into typings cache: 'copyfiles' => '/Users/adam/Library/Caches/typescript/4.3/node_modules/@types/copyfiles/index.d.ts'
[18:21:27.334] Adding entry into typings cache: 'core-js' => '/Users/adam/Library/Caches/typescript/4.3/node_modules/@types/core-js/index.d.ts'
[18:21:27.335] Adding entry into typings cache: 'cors' => '/Users/adam/Library/Caches/typescript/4.3/node_modules/@types/cors/index.d.ts'
[18:21:27.336] Adding entry into typings cache: 'cross-spawn' => '/Users/adam/Library/Caches/typescript/4.3/node_modules/@types/cross-spawn/index.d.ts'
[18:21:27.337] Adding entry into typings cache: 'css-declaration-sorter' => '/Users/adam/Library/Caches/typescript/4.3/node_modules/@types/css-declaration-sorter/index.d.ts'
[18:21:27.337] Adding entry into typings cache: 'css-minimizer-webpack-plugin' => '/Users/adam/Library/Caches/typescript/4.3/node_modules/@types/css-minimizer-webpack-plugin/index.d.ts'
[18:21:27.338] Adding entry into typings cache: 'css-to-react-native' => '/Users/adam/Library/Caches/typescript/4.3/node_modules/@types/css-to-react-native/index.d.ts'
[18:21:27.339] Adding entry into typings cache: 'css-tree' => '/Users/adam/Library/Caches/typescript/4.3/node_modules/@types/css-tree/index.d.ts'
[18:21:27.339] Adding entry into typings cache: 'cssesc' => '/Users/adam/Library/Caches/typescript/4.3/node_modules/@types/cssesc/index.d.ts'
[18:21:27.340] Adding entry into typings cache: 'cssnano' => '/Users/adam/Library/Caches/typescript/4.3/node_modules/@types/cssnano/index.d.ts'
[18:21:27.341] Adding entry into typings cache: 'csso' => '/Users/adam/Library/Caches/typescript/4.3/node_modules/@types/csso/index.d.ts'
[18:21:27.342] Adding entry into typings cache: 'cssom' => '/Users/adam/Library/Caches/typescript/4.3/node_modules/@types/cssom/index.d.ts'
[18:21:27.342] Adding entry into typings cache: 'cssstyle' => '/Users/adam/Library/Caches/typescript/4.3/node_modules/@types/cssstyle/index.d.ts'
[18:21:27.343] Adding entry into typings cache: 'd' => '/Users/adam/Library/Caches/typescript/4.3/node_modules/@types/d/index.d.ts'
[18:21:27.344] Adding entry into typings cache: 'damerau-levenshtein' => '/Users/adam/Library/Caches/typescript/4.3/node_modules/@types/damerau-levenshtein/index.d.ts'
[18:21:27.344] Adding entry into typings cache: 'data-urls' => '/Users/adam/Library/Caches/typescript/4.3/node_modules/@types/data-urls/index.d.ts'
[18:21:27.345] Adding entry into typings cache: 'date-and-time' => '/Users/adam/Library/Caches/typescript/4.3/node_modules/@types/date-and-time/index.d.ts'
[18:21:27.346] Adding entry into typings cache: 'date-utils' => '/Users/adam/Library/Caches/typescript/4.3/node_modules/@types/date-utils/index.d.ts'
[18:21:27.348] Adding entry into typings cache: 'debug' => '/Users/adam/Library/Caches/typescript/4.3/node_modules/@types/debug/index.d.ts'
[18:21:27.349] Adding entry into typings cache: 'decode-uri-component' => '/Users/adam/Library/Caches/typescript/4.3/node_modules/@types/decode-uri-component/index.d.ts'
[18:21:27.349] Adding entry into typings cache: 'decompress' => '/Users/adam/Library/Caches/typescript/4.3/node_modules/@types/decompress/index.d.ts'
[18:21:27.350] Adding entry into typings cache: 'dedent' => '/Users/adam/Library/Caches/typescript/4.3/node_modules/@types/dedent/index.d.ts'
[18:21:27.351] Adding entry into typings cache: 'deep-equal' => '/Users/adam/Library/Caches/typescript/4.3/node_modules/@types/deep-equal/index.d.ts'
[18:21:27.351] Adding entry into typings cache: 'deep-extend' => '/Users/adam/Library/Caches/typescript/4.3/node_modules/@types/deep-extend/index.d.ts'
[18:21:27.352] Adding entry into typings cache: 'default-gateway' => '/Users/adam/Library/Caches/typescript/4.3/node_modules/@types/default-gateway/index.d.ts'
[18:21:27.352] Adding entry into typings cache: 'define-properties' => '/Users/adam/Library/Caches/typescript/4.3/node_modules/@types/define-properties/index.d.ts'
[18:21:27.353] Adding entry into typings cache: 'depd' => '/Users/adam/Library/Caches/typescript/4.3/node_modules/@types/depd/index.d.ts'
[18:21:27.353] Adding entry into typings cache: 'destroy' => '/Users/adam/Library/Caches/typescript/4.3/node_modules/@types/destroy/index.d.ts'
[18:21:27.354] Adding entry into typings cache: 'detect-libc' => '/Users/adam/Library/Caches/typescript/4.3/node_modules/@types/detect-libc/index.d.ts'
[18:21:27.354] Adding entry into typings cache: 'detect-node' => '/Users/adam/Library/Caches/typescript/4.3/node_modules/@types/detect-node/index.d.ts'
[18:21:27.355] Adding entry into typings cache: 'detect-port' => '/Users/adam/Library/Caches/typescript/4.3/node_modules/@types/detect-port/index.d.ts'
[18:21:27.355] Adding entry into typings cache: 'dicer' => '/Users/adam/Library/Caches/typescript/4.3/node_modules/@types/dicer/index.d.ts'
[18:21:27.356] Adding entry into typings cache: 'diff' => '/Users/adam/Library/Caches/typescript/4.3/node_modules/@types/diff/index.d.ts'
[18:21:27.357] Adding entry into typings cache: 'dir-glob' => '/Users/adam/Library/Caches/typescript/4.3/node_modules/@types/dir-glob/index.d.ts'
[18:21:27.357] Adding entry into typings cache: 'dns-packet' => '/Users/adam/Library/Caches/typescript/4.3/node_modules/@types/dns-packet/index.d.ts'
[18:21:27.358] Adding entry into typings cache: 'doctrine' => '/Users/adam/Library/Caches/typescript/4.3/node_modules/@types/doctrine/index.d.ts'
[18:21:27.359] Adding entry into typings cache: 'domexception' => '/Users/adam/Library/Caches/typescript/4.3/node_modules/@types/domexception/index.d.ts'
[18:21:27.360] Adding entry into typings cache: 'download' => '/Users/adam/Library/Caches/typescript/4.3/node_modules/@types/download/index.d.ts'
[18:21:27.360] Adding entry into typings cache: 'duplexer3' => '/Users/adam/Library/Caches/typescript/4.3/node_modules/@types/duplexer3/index.d.ts'
[18:21:27.361] Adding entry into typings cache: 'duplexify' => '/Users/adam/Library/Caches/typescript/4.3/node_modules/@types/duplexify/index.d.ts'
[18:21:27.361] Adding entry into typings cache: 'ee-first' => '/Users/adam/Library/Caches/typescript/4.3/node_modules/@types/ee-first/index.d.ts'
[18:21:27.362] Adding entry into typings cache: 'encodeurl' => '/Users/adam/Library/Caches/typescript/4.3/node_modules/@types/encodeurl/index.d.ts'
[18:21:27.364] Adding entry into typings cache: 'end-of-stream' => '/Users/adam/Library/Caches/typescript/4.3/node_modules/@types/end-of-stream/index.d.ts'
[18:21:27.364] Adding entry into typings cache: 'engine.io' => '/Users/adam/Library/Caches/typescript/4.3/node_modules/@types/engine.io/index.d.ts'
[18:21:27.365] Adding entry into typings cache: 'engine.io-client' => '/Users/adam/Library/Caches/typescript/4.3/node_modules/@types/engine.io-client/index.d.ts'
[18:21:27.366] Adding entry into typings cache: 'ent' => '/Users/adam/Library/Caches/typescript/4.3/node_modules/@types/ent/index.d.ts'
[18:21:27.366] Adding entry into typings cache: 'envinfo' => '/Users/adam/Library/Caches/typescript/4.3/node_modules/@types/envinfo/index.d.ts'
[18:21:27.368] Adding entry into typings cache: 'es-abstract' => '/Users/adam/Library/Caches/typescript/4.3/node_modules/@types/es-abstract/index.d.ts'
[18:21:27.369] Adding entry into typings cache: 'es-to-primitive' => '/Users/adam/Library/Caches/typescript/4.3/node_modules/@types/es-to-primitive/index.d.ts'
[18:21:27.370] Adding entry into typings cache: 'es6-weak-map' => '/Users/adam/Library/Caches/typescript/4.3/node_modules/@types/es6-weak-map/index.d.ts'
[18:21:27.371] Adding entry into typings cache: 'escape-html' => '/Users/adam/Library/Caches/typescript/4.3/node_modules/@types/escape-html/index.d.ts'
[18:21:27.371] Adding entry into typings cache: 'escodegen' => '/Users/adam/Library/Caches/typescript/4.3/node_modules/@types/escodegen/index.d.ts'
[18:21:27.372] Adding entry into typings cache: 'eslint' => '/Users/adam/Library/Caches/typescript/4.3/node_modules/@types/eslint/index.d.ts'
[18:21:27.372] Adding entry into typings cache: 'eslint-config-prettier' => '/Users/adam/Library/Caches/typescript/4.3/node_modules/@types/eslint-config-prettier/index.d.ts'
[18:21:27.374] Adding entry into typings cache: 'eslint-scope' => '/Users/adam/Library/Caches/typescript/4.3/node_modules/@types/eslint-scope/index.d.ts'
[18:21:27.375] Adding entry into typings cache: 'eslint-visitor-keys' => '/Users/adam/Library/Caches/typescript/4.3/node_modules/@types/eslint-visitor-keys/index.d.ts'
[18:21:27.375] Adding entry into typings cache: 'esprima' => '/Users/adam/Library/Caches/typescript/4.3/node_modules/@types/esprima/index.d.ts'
[18:21:27.376] Adding entry into typings cache: 'esquery' => '/Users/adam/Library/Caches/typescript/4.3/node_modules/@types/esquery/index.d.ts'
[18:21:27.377] Adding entry into typings cache: 'estraverse' => '/Users/adam/Library/Caches/typescript/4.3/node_modules/@types/estraverse/index.d.ts'
[18:21:27.378] Adding entry into typings cache: 'etag' => '/Users/adam/Library/Caches/typescript/4.3/node_modules/@types/etag/index.d.ts'
[18:21:27.379] Adding entry into typings cache: 'event-emitter' => '/Users/adam/Library/Caches/typescript/4.3/node_modules/@types/event-emitter/index.d.ts'
[18:21:27.380] Adding entry into typings cache: 'events' => '/Users/adam/Library/Caches/typescript/4.3/node_modules/@types/events/index.d.ts'
[18:21:27.381] Adding entry into typings cache: 'eventsource' => '/Users/adam/Library/Caches/typescript/4.3/node_modules/@types/eventsource/index.d.ts'
[18:21:27.382] Adding entry into typings cache: 'exit' => '/Users/adam/Library/Caches/typescript/4.3/node_modules/@types/exit/index.d.ts'
[18:21:27.383] Adding entry into typings cache: 'express' => '/Users/adam/Library/Caches/typescript/4.3/node_modules/@types/express/index.d.ts'
[18:21:27.383] Adding entry into typings cache: 'extend' => '/Users/adam/Library/Caches/typescript/4.3/node_modules/@types/extend/index.d.ts'
[18:21:27.384] Adding entry into typings cache: 'extract-files' => '/Users/adam/Library/Caches/typescript/4.3/node_modules/@types/extract-files/index.d.ts'
[18:21:27.384] Adding entry into typings cache: 'fast-levenshtein' => '/Users/adam/Library/Caches/typescript/4.3/node_modules/@types/fast-levenshtein/index.d.ts'
[18:21:27.385] Adding entry into typings cache: 'fast-text-encoding' => '/Users/adam/Library/Caches/typescript/4.3/node_modules/@types/fast-text-encoding/index.d.ts'
[18:21:27.385] Adding entry into typings cache: 'fb-watchman' => '/Users/adam/Library/Caches/typescript/4.3/node_modules/@types/fb-watchman/index.d.ts'
[18:21:27.386] Adding entry into typings cache: 'file-entry-cache' => '/Users/adam/Library/Caches/typescript/4.3/node_modules/@types/file-entry-cache/index.d.ts'
[18:21:27.386] Adding entry into typings cache: 'file-loader' => '/Users/adam/Library/Caches/typescript/4.3/node_modules/@types/file-loader/index.d.ts'
[18:21:27.386] Adding entry into typings cache: 'finalhandler' => '/Users/adam/Library/Caches/typescript/4.3/node_modules/@types/finalhandler/index.d.ts'
[18:21:27.387] Adding entry into typings cache: 'find-cache-dir' => '/Users/adam/Library/Caches/typescript/4.3/node_modules/@types/find-cache-dir/index.d.ts'
[18:21:27.388] Adding entry into typings cache: 'flat' => '/Users/adam/Library/Caches/typescript/4.3/node_modules/@types/flat/index.d.ts'
[18:21:27.388] Adding entry into typings cache: 'flat-cache' => '/Users/adam/Library/Caches/typescript/4.3/node_modules/@types/flat-cache/index.d.ts'
[18:21:27.390] Adding entry into typings cache: 'follow-redirects' => '/Users/adam/Library/Caches/typescript/4.3/node_modules/@types/follow-redirects/index.d.ts'
[18:21:27.391] Adding entry into typings cache: 'forwarded' => '/Users/adam/Library/Caches/typescript/4.3/node_modules/@types/forwarded/index.d.ts'
[18:21:27.391] Adding entry into typings cache: 'fresh' => '/Users/adam/Library/Caches/typescript/4.3/node_modules/@types/fresh/index.d.ts'
[18:21:27.391] Adding entry into typings cache: 'from2' => '/Users/adam/Library/Caches/typescript/4.3/node_modules/@types/from2/index.d.ts'
[18:21:27.392] Adding entry into typings cache: 'fs-extra' => '/Users/adam/Library/Caches/typescript/4.3/node_modules/@types/fs-extra/index.d.ts'
[18:21:27.393] Adding entry into typings cache: 'function-bind' => '/Users/adam/Library/Caches/typescript/4.3/node_modules/@types/function-bind/index.d.ts'
[18:21:27.393] Adding entry into typings cache: 'functional-red-black-tree' => '/Users/adam/Library/Caches/typescript/4.3/node_modules/@types/functional-red-black-tree/index.d.ts'
[18:21:27.394] Adding entry into typings cache: 'gatsby-transformer-remark' => '/Users/adam/Library/Caches/typescript/4.3/node_modules/@types/gatsby-transformer-remark/index.d.ts'
[18:21:27.394] Adding entry into typings cache: 'get-func-name' => '/Users/adam/Library/Caches/typescript/4.3/node_modules/@types/get-func-name/index.d.ts'
[18:21:27.395] Adding entry into typings cache: 'get-intrinsic' => '/Users/adam/Library/Caches/typescript/4.3/node_modules/@types/get-intrinsic/index.d.ts'
[18:21:27.396] Adding entry into typings cache: 'get-value' => '/Users/adam/Library/Caches/typescript/4.3/node_modules/@types/get-value/index.d.ts'
[18:21:27.398] Adding entry into typings cache: 'github-slugger' => '/Users/adam/Library/Caches/typescript/4.3/node_modules/@types/github-slugger/index.d.ts'
[18:21:27.398] Adding entry into typings cache: 'glob' => '/Users/adam/Library/Caches/typescript/4.3/node_modules/@types/glob/index.d.ts'
[18:21:27.400] Adding entry into typings cache: 'glob-parent' => '/Users/adam/Library/Caches/typescript/4.3/node_modules/@types/glob-parent/index.d.ts'
[18:21:27.400] Adding entry into typings cache: 'glob-to-regexp' => '/Users/adam/Library/Caches/typescript/4.3/node_modules/@types/glob-to-regexp/index.d.ts'
[18:21:27.401] Adding entry into typings cache: 'global-modules' => '/Users/adam/Library/Caches/typescript/4.3/node_modules/@types/global-modules/index.d.ts'
[18:21:27.402] Adding entry into typings cache: 'global-prefix' => '/Users/adam/Library/Caches/typescript/4.3/node_modules/@types/global-prefix/index.d.ts'
[18:21:27.403] Adding entry into typings cache: 'google-maps' => '/Users/adam/Library/Caches/typescript/4.3/node_modules/@types/google-maps/index.d.ts'
[18:21:27.404] Adding entry into typings cache: 'got' => '/Users/adam/Library/Caches/typescript/4.3/node_modules/@types/got/index.d.ts'
[18:21:27.405] Adding entry into typings cache: 'graceful-fs' => '/Users/adam/Library/Caches/typescript/4.3/node_modules/@types/graceful-fs/index.d.ts'
[18:21:27.406] Adding entry into typings cache: 'hapi__joi' => '/Users/adam/Library/Caches/typescript/4.3/node_modules/@types/hapi__joi/index.d.ts'
[18:21:27.407] Adding entry into typings cache: 'has' => '/Users/adam/Library/Caches/typescript/4.3/node_modules/@types/has/index.d.ts'
[18:21:27.407] Adding entry into typings cache: 'has-ansi' => '/Users/adam/Library/Caches/typescript/4.3/node_modules/@types/has-ansi/index.d.ts'
[18:21:27.408] Adding entry into typings cache: 'has-symbols' => '/Users/adam/Library/Caches/typescript/4.3/node_modules/@types/has-symbols/index.d.ts'
[18:21:27.408] Adding entry into typings cache: 'he' => '/Users/adam/Library/Caches/typescript/4.3/node_modules/@types/he/index.d.ts'
[18:21:27.409] Adding entry into typings cache: 'hex-color-regex' => '/Users/adam/Library/Caches/typescript/4.3/node_modules/@types/hex-color-regex/index.d.ts'
[18:21:27.410] Adding entry into typings cache: 'hoist-non-react-statics' => '/Users/adam/Library/Caches/typescript/4.3/node_modules/@types/hoist-non-react-statics/index.d.ts'
[18:21:27.410] Adding entry into typings cache: 'hosted-git-info' => '/Users/adam/Library/Caches/typescript/4.3/node_modules/@types/hosted-git-info/index.d.ts'
[18:21:27.411] Adding entry into typings cache: 'html-encoding-sniffer' => '/Users/adam/Library/Caches/typescript/4.3/node_modules/@types/html-encoding-sniffer/index.d.ts'
[18:21:27.412] Adding entry into typings cache: 'html-escaper' => '/Users/adam/Library/Caches/typescript/4.3/node_modules/@types/html-escaper/index.d.ts'
[18:21:27.412] Adding entry into typings cache: 'http-cache-semantics' => '/Users/adam/Library/Caches/typescript/4.3/node_modules/@types/http-cache-semantics/index.d.ts'
[18:21:27.412] Adding entry into typings cache: 'http-errors' => '/Users/adam/Library/Caches/typescript/4.3/node_modules/@types/http-errors/index.d.ts'
[18:21:27.414] Adding entry into typings cache: 'http-proxy' => '/Users/adam/Library/Caches/typescript/4.3/node_modules/@types/http-proxy/index.d.ts'
[18:21:27.414] Adding entry into typings cache: 'imagemin' => '/Users/adam/Library/Caches/typescript/4.3/node_modules/@types/imagemin/index.d.ts'
[18:21:27.415] Adding entry into typings cache: 'imagemin-mozjpeg' => '/Users/adam/Library/Caches/typescript/4.3/node_modules/@types/imagemin-mozjpeg/index.d.ts'
[18:21:27.415] Adding entry into typings cache: 'imurmurhash' => '/Users/adam/Library/Caches/typescript/4.3/node_modules/@types/imurmurhash/index.d.ts'
[18:21:27.416] Adding entry into typings cache: 'inherits' => '/Users/adam/Library/Caches/typescript/4.3/node_modules/@types/inherits/index.d.ts'
[18:21:27.417] Adding entry into typings cache: 'ini' => '/Users/adam/Library/Caches/typescript/4.3/node_modules/@types/ini/index.d.ts'
[18:21:27.417] Adding entry into typings cache: 'inquirer' => '/Users/adam/Library/Caches/typescript/4.3/node_modules/@types/inquirer/index.d.ts'
[18:21:27.418] Adding entry into typings cache: 'internal-slot' => '/Users/adam/Library/Caches/typescript/4.3/node_modules/@types/internal-slot/index.d.ts'
[18:21:27.419] Adding entry into typings cache: 'invariant' => '/Users/adam/Library/Caches/typescript/4.3/node_modules/@types/invariant/index.d.ts'
[18:21:27.419] Adding entry into typings cache: 'ip' => '/Users/adam/Library/Caches/typescript/4.3/node_modules/@types/ip/index.d.ts'
[18:21:27.419] Adding entry into typings cache: 'is-arguments' => '/Users/adam/Library/Caches/typescript/4.3/node_modules/@types/is-arguments/index.d.ts'
[18:21:27.421] Adding entry into typings cache: 'is-buffer' => '/Users/adam/Library/Caches/typescript/4.3/node_modules/@types/is-buffer/index.d.ts'
[18:21:27.421] Adding entry into typings cache: 'is-callable' => '/Users/adam/Library/Caches/typescript/4.3/node_modules/@types/is-callable/index.d.ts'
[18:21:27.422] Adding entry into typings cache: 'is-ci' => '/Users/adam/Library/Caches/typescript/4.3/node_modules/@types/is-ci/index.d.ts'
[18:21:27.422] Adding entry into typings cache: 'is-core-module' => '/Users/adam/Library/Caches/typescript/4.3/node_modules/@types/is-core-module/index.d.ts'
[18:21:27.423] Adding entry into typings cache: 'is-date-object' => '/Users/adam/Library/Caches/typescript/4.3/node_modules/@types/is-date-object/index.d.ts'
[18:21:27.423] Adding entry into typings cache: 'is-finite' => '/Users/adam/Library/Caches/typescript/4.3/node_modules/@types/is-finite/index.d.ts'
[18:21:27.424] Adding entry into typings cache: 'is-function' => '/Users/adam/Library/Caches/typescript/4.3/node_modules/@types/is-function/index.d.ts'
[18:21:27.425] Adding entry into typings cache: 'is-glob' => '/Users/adam/Library/Caches/typescript/4.3/node_modules/@types/is-glob/index.d.ts'
[18:21:27.426] Adding entry into typings cache: 'is-natural-number' => '/Users/adam/Library/Caches/typescript/4.3/node_modules/@types/is-natural-number/index.d.ts'
[18:21:27.427] Adding entry into typings cache: 'is-number' => '/Users/adam/Library/Caches/typescript/4.3/node_modules/@types/is-number/index.d.ts'
[18:21:27.427] Adding entry into typings cache: 'is-object' => '/Users/adam/Library/Caches/typescript/4.3/node_modules/@types/is-object/index.d.ts'
[18:21:27.427] Adding entry into typings cache: 'is-regex' => '/Users/adam/Library/Caches/typescript/4.3/node_modules/@types/is-regex/index.d.ts'
[18:21:27.428] Adding entry into typings cache: 'is-relative' => '/Users/adam/Library/Caches/typescript/4.3/node_modules/@types/is-relative/index.d.ts'
[18:21:27.428] Adding entry into typings cache: 'is-ssh' => '/Users/adam/Library/Caches/typescript/4.3/node_modules/@types/is-ssh/index.d.ts'
[18:21:27.429] Adding entry into typings cache: 'is-typedarray' => '/Users/adam/Library/Caches/typescript/4.3/node_modules/@types/is-typedarray/index.d.ts'
[18:21:27.429] Adding entry into typings cache: 'is-unc-path' => '/Users/adam/Library/Caches/typescript/4.3/node_modules/@types/is-unc-path/index.d.ts'
[18:21:27.429] Adding entry into typings cache: 'is-url' => '/Users/adam/Library/Caches/typescript/4.3/node_modules/@types/is-url/index.d.ts'
[18:21:27.430] Adding entry into typings cache: 'is-utf8' => '/Users/adam/Library/Caches/typescript/4.3/node_modules/@types/is-utf8/index.d.ts'
[18:21:27.430] Adding entry into typings cache: 'is-valid-path' => '/Users/adam/Library/Caches/typescript/4.3/node_modules/@types/is-valid-path/index.d.ts'
[18:21:27.431] Adding entry into typings cache: 'is-windows' => '/Users/adam/Library/Caches/typescript/4.3/node_modules/@types/is-windows/index.d.ts'
[18:21:27.432] Adding entry into typings cache: 'isarray' => '/Users/adam/Library/Caches/typescript/4.3/node_modules/@types/isarray/index.d.ts'
[18:21:27.433] Adding entry into typings cache: 'isexe' => '/Users/adam/Library/Caches/typescript/4.3/node_modules/@types/isexe/index.d.ts'
[18:21:27.433] Adding entry into typings cache: 'istanbul-lib-coverage' => '/Users/adam/Library/Caches/typescript/4.3/node_modules/@types/istanbul-lib-coverage/index.d.ts'
[18:21:27.434] Adding entry into typings cache: 'istanbul-lib-instrument' => '/Users/adam/Library/Caches/typescript/4.3/node_modules/@types/istanbul-lib-instrument/index.d.ts'
[18:21:27.434] Adding entry into typings cache: 'istanbul-lib-report' => '/Users/adam/Library/Caches/typescript/4.3/node_modules/@types/istanbul-lib-report/index.d.ts'
[18:21:27.434] Adding entry into typings cache: 'istanbul-lib-source-maps' => '/Users/adam/Library/Caches/typescript/4.3/node_modules/@types/istanbul-lib-source-maps/index.d.ts'
[18:21:27.435] Adding entry into typings cache: 'istanbul-reports' => '/Users/adam/Library/Caches/typescript/4.3/node_modules/@types/istanbul-reports/index.d.ts'
[18:21:27.435] Adding entry into typings cache: 'js-yaml' => '/Users/adam/Library/Caches/typescript/4.3/node_modules/@types/js-yaml/index.d.ts'
[18:21:27.436] Adding entry into typings cache: 'jsdom' => '/Users/adam/Library/Caches/typescript/4.3/node_modules/@types/jsdom/index.d.ts'
[18:21:27.436] Adding entry into typings cache: 'jsesc' => '/Users/adam/Library/Caches/typescript/4.3/node_modules/@types/jsesc/index.d.ts'
[18:21:27.437] Adding entry into typings cache: 'json-buffer' => '/Users/adam/Library/Caches/typescript/4.3/node_modules/@types/json-buffer/index.d.ts'
[18:21:27.438] Adding entry into typings cache: 'json-parse-better-errors' => '/Users/adam/Library/Caches/typescript/4.3/node_modules/@types/json-parse-better-errors/index.d.ts'
[18:21:27.438] Adding entry into typings cache: 'json-stringify-safe' => '/Users/adam/Library/Caches/typescript/4.3/node_modules/@types/json-stringify-safe/index.d.ts'
[18:21:27.439] Adding entry into typings cache: 'json3' => '/Users/adam/Library/Caches/typescript/4.3/node_modules/@types/json3/index.d.ts'
[18:21:27.439] Adding entry into typings cache: 'jsonfile' => '/Users/adam/Library/Caches/typescript/4.3/node_modules/@types/jsonfile/index.d.ts'
[18:21:27.440] Adding entry into typings cache: 'jsonwebtoken' => '/Users/adam/Library/Caches/typescript/4.3/node_modules/@types/jsonwebtoken/index.d.ts'
[18:21:27.440] Adding entry into typings cache: 'jws' => '/Users/adam/Library/Caches/typescript/4.3/node_modules/@types/jws/index.d.ts'
[18:21:27.441] Adding entry into typings cache: 'keyv' => '/Users/adam/Library/Caches/typescript/4.3/node_modules/@types/keyv/index.d.ts'
[18:21:27.442] Adding entry into typings cache: 'kind-of' => '/Users/adam/Library/Caches/typescript/4.3/node_modules/@types/kind-of/index.d.ts'
[18:21:27.443] Adding entry into typings cache: 'language-tags' => '/Users/adam/Library/Caches/typescript/4.3/node_modules/@types/language-tags/index.d.ts'
[18:21:27.444] Adding entry into typings cache: 'loader-runner' => '/Users/adam/Library/Caches/typescript/4.3/node_modules/@types/loader-runner/index.d.ts'
[18:21:27.444] Adding entry into typings cache: 'loader-utils' => '/Users/adam/Library/Caches/typescript/4.3/node_modules/@types/loader-utils/index.d.ts'
[18:21:27.445] Adding entry into typings cache: 'lockfile' => '/Users/adam/Library/Caches/typescript/4.3/node_modules/@types/lockfile/index.d.ts'
[18:21:27.446] Adding entry into typings cache: 'lodash' => '/Users/adam/Library/Caches/typescript/4.3/node_modules/@types/lodash/index.d.ts'
[18:21:27.446] Adding entry into typings cache: 'lodash.camelcase' => '/Users/adam/Library/Caches/typescript/4.3/node_modules/@types/lodash.camelcase/index.d.ts'
[18:21:27.447] Adding entry into typings cache: 'lodash.clonedeep' => '/Users/adam/Library/Caches/typescript/4.3/node_modules/@types/lodash.clonedeep/index.d.ts'
[18:21:27.447] Adding entry into typings cache: 'lodash.debounce' => '/Users/adam/Library/Caches/typescript/4.3/node_modules/@types/lodash.debounce/index.d.ts'
[18:21:27.448] Adding entry into typings cache: 'lodash.deburr' => '/Users/adam/Library/Caches/typescript/4.3/node_modules/@types/lodash.deburr/index.d.ts'
[18:21:27.448] Adding entry into typings cache: 'lodash.every' => '/Users/adam/Library/Caches/typescript/4.3/node_modules/@types/lodash.every/index.d.ts'
[18:21:27.449] Adding entry into typings cache: 'lodash.flatten' => '/Users/adam/Library/Caches/typescript/4.3/node_modules/@types/lodash.flatten/index.d.ts'
[18:21:27.449] Adding entry into typings cache: 'lodash.flattendeep' => '/Users/adam/Library/Caches/typescript/4.3/node_modules/@types/lodash.flattendeep/index.d.ts'
[18:21:27.450] Adding entry into typings cache: 'lodash.foreach' => '/Users/adam/Library/Caches/typescript/4.3/node_modules/@types/lodash.foreach/index.d.ts'
[18:21:27.450] Adding entry into typings cache: 'lodash.get' => '/Users/adam/Library/Caches/typescript/4.3/node_modules/@types/lodash.get/index.d.ts'
[18:21:27.450] Adding entry into typings cache: 'lodash.has' => '/Users/adam/Library/Caches/typescript/4.3/node_modules/@types/lodash.has/index.d.ts'
[18:21:27.451] Adding entry into typings cache: 'lodash.includes' => '/Users/adam/Library/Caches/typescript/4.3/node_modules/@types/lodash.includes/index.d.ts'
[18:21:27.451] Adding entry into typings cache: 'lodash.isboolean' => '/Users/adam/Library/Caches/typescript/4.3/node_modules/@types/lodash.isboolean/index.d.ts'
[18:21:27.452] Adding entry into typings cache: 'lodash.isinteger' => '/Users/adam/Library/Caches/typescript/4.3/node_modules/@types/lodash.isinteger/index.d.ts'
[18:21:27.452] Adding entry into typings cache: 'lodash.isnumber' => '/Users/adam/Library/Caches/typescript/4.3/node_modules/@types/lodash.isnumber/index.d.ts'
[18:21:27.452] Adding entry into typings cache: 'lodash.isplainobject' => '/Users/adam/Library/Caches/typescript/4.3/node_modules/@types/lodash.isplainobject/index.d.ts'
[18:21:27.453] Adding entry into typings cache: 'lodash.isstring' => '/Users/adam/Library/Caches/typescript/4.3/node_modules/@types/lodash.isstring/index.d.ts'
[18:21:27.453] Adding entry into typings cache: 'lodash.iteratee' => '/Users/adam/Library/Caches/typescript/4.3/node_modules/@types/lodash.iteratee/index.d.ts'
[18:21:27.454] Adding entry into typings cache: 'lodash.kebabcase' => '/Users/adam/Library/Caches/typescript/4.3/node_modules/@types/lodash.kebabcase/index.d.ts'
[18:21:27.454] Adding entry into typings cache: 'lodash.maxby' => '/Users/adam/Library/Caches/typescript/4.3/node_modules/@types/lodash.maxby/index.d.ts'
[18:21:27.455] Adding entry into typings cache: 'lodash.memoize' => '/Users/adam/Library/Caches/typescript/4.3/node_modules/@types/lodash.memoize/index.d.ts'
[18:21:27.455] Adding entry into typings cache: 'lodash.once' => '/Users/adam/Library/Caches/typescript/4.3/node_modules/@types/lodash.once/index.d.ts'
[18:21:27.455] Adding entry into typings cache: 'lodash.template' => '/Users/adam/Library/Caches/typescript/4.3/node_modules/@types/lodash.template/index.d.ts'
[18:21:27.456] Adding entry into typings cache: 'lodash.truncate' => '/Users/adam/Library/Caches/typescript/4.3/node_modules/@types/lodash.truncate/index.d.ts'
[18:21:27.456] Adding entry into typings cache: 'lodash.uniq' => '/Users/adam/Library/Caches/typescript/4.3/node_modules/@types/lodash.uniq/index.d.ts'
[18:21:27.457] Adding entry into typings cache: 'lodash.without' => '/Users/adam/Library/Caches/typescript/4.3/node_modules/@types/lodash.without/index.d.ts'
[18:21:27.457] Adding entry into typings cache: 'long' => '/Users/adam/Library/Caches/typescript/4.3/node_modules/@types/long/index.d.ts'
[18:21:27.458] Adding entry into typings cache: 'lru-cache' => '/Users/adam/Library/Caches/typescript/4.3/node_modules/@types/lru-cache/index.d.ts'
[18:21:27.459] Adding entry into typings cache: 'mdurl' => '/Users/adam/Library/Caches/typescript/4.3/node_modules/@types/mdurl/index.d.ts'
[18:21:27.459] Adding entry into typings cache: 'media-typer' => '/Users/adam/Library/Caches/typescript/4.3/node_modules/@types/media-typer/index.d.ts'
[18:21:27.460] Adding entry into typings cache: 'memoizee' => '/Users/adam/Library/Caches/typescript/4.3/node_modules/@types/memoizee/index.d.ts'
[18:21:27.461] Adding entry into typings cache: 'memory-fs' => '/Users/adam/Library/Caches/typescript/4.3/node_modules/@types/memory-fs/index.d.ts'
[18:21:27.461] Adding entry into typings cache: 'merge-descriptors' => '/Users/adam/Library/Caches/typescript/4.3/node_modules/@types/merge-descriptors/index.d.ts'
[18:21:27.462] Adding entry into typings cache: 'merge-stream' => '/Users/adam/Library/Caches/typescript/4.3/node_modules/@types/merge-stream/index.d.ts'
[18:21:27.462] Adding entry into typings cache: 'merge2' => '/Users/adam/Library/Caches/typescript/4.3/node_modules/@types/merge2/index.d.ts'
[18:21:27.463] Adding entry into typings cache: 'methods' => '/Users/adam/Library/Caches/typescript/4.3/node_modules/@types/methods/index.d.ts'
[18:21:27.464] Adding entry into typings cache: 'micromatch' => '/Users/adam/Library/Caches/typescript/4.3/node_modules/@types/micromatch/index.d.ts'
[18:21:27.465] Adding entry into typings cache: 'mime' => '/Users/adam/Library/Caches/typescript/4.3/node_modules/@types/mime/index.d.ts'
[18:21:27.466] Adding entry into typings cache: 'mime-db' => '/Users/adam/Library/Caches/typescript/4.3/node_modules/@types/mime-db/index.d.ts'
[18:21:27.467] Adding entry into typings cache: 'mime-types' => '/Users/adam/Library/Caches/typescript/4.3/node_modules/@types/mime-types/index.d.ts'
[18:21:27.467] Adding entry into typings cache: 'min-document' => '/Users/adam/Library/Caches/typescript/4.3/node_modules/@types/min-document/index.d.ts'
[18:21:27.468] Adding entry into typings cache: 'min-indent' => '/Users/adam/Library/Caches/typescript/4.3/node_modules/@types/min-indent/index.d.ts'
[18:21:27.468] Adding entry into typings cache: 'mini-css-extract-plugin' => '/Users/adam/Library/Caches/typescript/4.3/node_modules/@types/mini-css-extract-plugin/index.d.ts'
[18:21:27.469] Adding entry into typings cache: 'minimalistic-assert' => '/Users/adam/Library/Caches/typescript/4.3/node_modules/@types/minimalistic-assert/index.d.ts'
[18:21:27.469] Adding entry into typings cache: 'minimatch' => '/Users/adam/Library/Caches/typescript/4.3/node_modules/@types/minimatch/index.d.ts'
[18:21:27.470] Adding entry into typings cache: 'minimist' => '/Users/adam/Library/Caches/typescript/4.3/node_modules/@types/minimist/index.d.ts'
[18:21:27.470] Adding entry into typings cache: 'minipass' => '/Users/adam/Library/Caches/typescript/4.3/node_modules/@types/minipass/index.d.ts'
[18:21:27.471] Adding entry into typings cache: 'minizlib' => '/Users/adam/Library/Caches/typescript/4.3/node_modules/@types/minizlib/index.d.ts'
[18:21:27.471] Adding entry into typings cache: 'mkdirp' => '/Users/adam/Library/Caches/typescript/4.3/node_modules/@types/mkdirp/index.d.ts'
[18:21:27.472] Adding entry into typings cache: 'mocha' => '/Users/adam/Library/Caches/typescript/4.3/node_modules/@types/mocha/index.d.ts'
[18:21:27.472] Adding entry into typings cache: 'mozjpeg' => '/Users/adam/Library/Caches/typescript/4.3/node_modules/@types/mozjpeg/index.d.ts'
[18:21:27.473] Adding entry into typings cache: 'ms' => '/Users/adam/Library/Caches/typescript/4.3/node_modules/@types/ms/index.d.ts'
[18:21:27.473] Adding entry into typings cache: 'multer' => '/Users/adam/Library/Caches/typescript/4.3/node_modules/@types/multer/index.d.ts'
[18:21:27.474] Adding entry into typings cache: 'multicast-dns' => '/Users/adam/Library/Caches/typescript/4.3/node_modules/@types/multicast-dns/index.d.ts'
[18:21:27.474] Adding entry into typings cache: 'mute-stream' => '/Users/adam/Library/Caches/typescript/4.3/node_modules/@types/mute-stream/index.d.ts'
[18:21:27.475] Adding entry into typings cache: 'name-all-modules-plugin' => '/Users/adam/Library/Caches/typescript/4.3/node_modules/@types/name-all-modules-plugin/index.d.ts'
[18:21:27.475] Adding entry into typings cache: 'natural-compare' => '/Users/adam/Library/Caches/typescript/4.3/node_modules/@types/natural-compare/index.d.ts'
[18:21:27.475] Adding entry into typings cache: 'needle' => '/Users/adam/Library/Caches/typescript/4.3/node_modules/@types/needle/index.d.ts'
[18:21:27.476] Adding entry into typings cache: 'negotiator' => '/Users/adam/Library/Caches/typescript/4.3/node_modules/@types/negotiator/index.d.ts'
[18:21:27.476] Adding entry into typings cache: 'next-tick' => '/Users/adam/Library/Caches/typescript/4.3/node_modules/@types/next-tick/index.d.ts'
[18:21:27.477] Adding entry into typings cache: 'nice-try' => '/Users/adam/Library/Caches/typescript/4.3/node_modules/@types/nice-try/index.d.ts'
[18:21:27.477] Adding entry into typings cache: 'node' => '/Users/adam/Library/Caches/typescript/4.3/node_modules/@types/node/index.d.ts'
[18:21:27.478] Adding entry into typings cache: 'node-abi' => '/Users/adam/Library/Caches/typescript/4.3/node_modules/@types/node-abi/index.d.ts'
[18:21:27.478] Adding entry into typings cache: 'node-fetch' => '/Users/adam/Library/Caches/typescript/4.3/node_modules/@types/node-fetch/index.d.ts'
[18:21:27.478] Adding entry into typings cache: 'node-forge' => '/Users/adam/Library/Caches/typescript/4.3/node_modules/@types/node-forge/index.d.ts'
[18:21:27.479] Adding entry into typings cache: 'node-int64' => '/Users/adam/Library/Caches/typescript/4.3/node_modules/@types/node-int64/index.d.ts'
[18:21:27.479] Adding entry into typings cache: 'normalize-package-data' => '/Users/adam/Library/Caches/typescript/4.3/node_modules/@types/normalize-package-data/index.d.ts'
[18:21:27.481] Adding entry into typings cache: 'normalize-path' => '/Users/adam/Library/Caches/typescript/4.3/node_modules/@types/normalize-path/index.d.ts'
[18:21:27.481] Adding entry into typings cache: 'npmlog' => '/Users/adam/Library/Caches/typescript/4.3/node_modules/@types/npmlog/index.d.ts'
[18:21:27.482] Adding entry into typings cache: 'number-is-nan' => '/Users/adam/Library/Caches/typescript/4.3/node_modules/@types/number-is-nan/index.d.ts'
[18:21:27.482] Adding entry into typings cache: 'nwsapi' => '/Users/adam/Library/Caches/typescript/4.3/node_modules/@types/nwsapi/index.d.ts'
[18:21:27.483] Adding entry into typings cache: 'object-assign' => '/Users/adam/Library/Caches/typescript/4.3/node_modules/@types/object-assign/index.d.ts'
[18:21:27.483] Adding entry into typings cache: 'object-inspect' => '/Users/adam/Library/Caches/typescript/4.3/node_modules/@types/object-inspect/index.d.ts'
[18:21:27.484] Adding entry into typings cache: 'object-keys' => '/Users/adam/Library/Caches/typescript/4.3/node_modules/@types/object-keys/index.d.ts'
[18:21:27.484] Adding entry into typings cache: 'object-path' => '/Users/adam/Library/Caches/typescript/4.3/node_modules/@types/object-path/index.d.ts'
[18:21:27.485] Adding entry into typings cache: 'object.fromentries' => '/Users/adam/Library/Caches/typescript/4.3/node_modules/@types/object.fromentries/index.d.ts'
[18:21:27.485] Adding entry into typings cache: 'object.getownpropertydescriptors' => '/Users/adam/Library/Caches/typescript/4.3/node_modules/@types/object.getownpropertydescriptors/index.d.ts'
[18:21:27.487] Adding entry into typings cache: 'object.pick' => '/Users/adam/Library/Caches/typescript/4.3/node_modules/@types/object.pick/index.d.ts'
[18:21:27.487] Adding entry into typings cache: 'omggif' => '/Users/adam/Library/Caches/typescript/4.3/node_modules/@types/omggif/index.d.ts'
[18:21:27.487] Adding entry into typings cache: 'on-finished' => '/Users/adam/Library/Caches/typescript/4.3/node_modules/@types/on-finished/index.d.ts'
[18:21:27.488] Adding entry into typings cache: 'on-headers' => '/Users/adam/Library/Caches/typescript/4.3/node_modules/@types/on-headers/index.d.ts'
[18:21:27.489] Adding entry into typings cache: 'once' => '/Users/adam/Library/Caches/typescript/4.3/node_modules/@types/once/index.d.ts'
[18:21:27.489] Adding entry into typings cache: 'original' => '/Users/adam/Library/Caches/typescript/4.3/node_modules/@types/original/index.d.ts'
[18:21:27.490] Adding entry into typings cache: 'os-tmpdir' => '/Users/adam/Library/Caches/typescript/4.3/node_modules/@types/os-tmpdir/index.d.ts'
[18:21:27.490] Adding entry into typings cache: 'pako' => '/Users/adam/Library/Caches/typescript/4.3/node_modules/@types/pako/index.d.ts'
[18:21:27.491] Adding entry into typings cache: 'parse-json' => '/Users/adam/Library/Caches/typescript/4.3/node_modules/@types/parse-json/index.d.ts'
[18:21:27.491] Adding entry into typings cache: 'parse-numeric-range' => '/Users/adam/Library/Caches/typescript/4.3/node_modules/@types/parse-numeric-range/index.d.ts'
[18:21:27.492] Adding entry into typings cache: 'parse-path' => '/Users/adam/Library/Caches/typescript/4.3/node_modules/@types/parse-path/index.d.ts'
[18:21:27.492] Adding entry into typings cache: 'parse5' => '/Users/adam/Library/Caches/typescript/4.3/node_modules/@types/parse5/index.d.ts'
[18:21:27.493] Adding entry into typings cache: 'parse5-htmlparser2-tree-adapter' => '/Users/adam/Library/Caches/typescript/4.3/node_modules/@types/parse5-htmlparser2-tree-adapter/index.d.ts'
[18:21:27.493] Adding entry into typings cache: 'parseurl' => '/Users/adam/Library/Caches/typescript/4.3/node_modules/@types/parseurl/index.d.ts'
[18:21:27.494] Adding entry into typings cache: 'pascalcase' => '/Users/adam/Library/Caches/typescript/4.3/node_modules/@types/pascalcase/index.d.ts'
[18:21:27.494] Adding entry into typings cache: 'path-is-absolute' => '/Users/adam/Library/Caches/typescript/4.3/node_modules/@types/path-is-absolute/index.d.ts'
[18:21:27.495] Adding entry into typings cache: 'path-is-inside' => '/Users/adam/Library/Caches/typescript/4.3/node_modules/@types/path-is-inside/index.d.ts'
[18:21:27.495] Adding entry into typings cache: 'path-parse' => '/Users/adam/Library/Caches/typescript/4.3/node_modules/@types/path-parse/index.d.ts'
[18:21:27.496] Adding entry into typings cache: 'pathval' => '/Users/adam/Library/Caches/typescript/4.3/node_modules/@types/pathval/index.d.ts'
[18:21:27.496] Adding entry into typings cache: 'physical-cpu-count' => '/Users/adam/Library/Caches/typescript/4.3/node_modules/@types/physical-cpu-count/index.d.ts'
[18:21:27.497] Adding entry into typings cache: 'picomatch' => '/Users/adam/Library/Caches/typescript/4.3/node_modules/@types/picomatch/index.d.ts'
[18:21:27.498] Adding entry into typings cache: 'pify' => '/Users/adam/Library/Caches/typescript/4.3/node_modules/@types/pify/index.d.ts'
[18:21:27.498] Adding entry into typings cache: 'pixelmatch' => '/Users/adam/Library/Caches/typescript/4.3/node_modules/@types/pixelmatch/index.d.ts'
[18:21:27.499] Adding entry into typings cache: 'platform' => '/Users/adam/Library/Caches/typescript/4.3/node_modules/@types/platform/index.d.ts'
[18:21:27.499] Adding entry into typings cache: 'pngjs' => '/Users/adam/Library/Caches/typescript/4.3/node_modules/@types/pngjs/index.d.ts'
[18:21:27.500] Adding entry into typings cache: 'pngquant-bin' => '/Users/adam/Library/Caches/typescript/4.3/node_modules/@types/pngquant-bin/index.d.ts'
[18:21:27.500] Adding entry into typings cache: 'postcss-calc' => '/Users/adam/Library/Caches/typescript/4.3/node_modules/@types/postcss-calc/index.d.ts'
[18:21:27.500] Adding entry into typings cache: 'prelude-ls' => '/Users/adam/Library/Caches/typescript/4.3/node_modules/@types/prelude-ls/index.d.ts'
[18:21:27.501] Adding entry into typings cache: 'prettier' => '/Users/adam/Library/Caches/typescript/4.3/node_modules/@types/prettier/index.d.ts'
[18:21:27.501] Adding entry into typings cache: 'prismjs' => '/Users/adam/Library/Caches/typescript/4.3/node_modules/@types/prismjs/index.d.ts'
[18:21:27.502] Adding entry into typings cache: 'probe-image-size' => '/Users/adam/Library/Caches/typescript/4.3/node_modules/@types/probe-image-size/index.d.ts'
[18:21:27.502] Adding entry into typings cache: 'progress' => '/Users/adam/Library/Caches/typescript/4.3/node_modules/@types/progress/index.d.ts'
[18:21:27.503] Adding entry into typings cache: 'promise-inflight' => '/Users/adam/Library/Caches/typescript/4.3/node_modules/@types/promise-inflight/index.d.ts'
[18:21:27.503] Adding entry into typings cache: 'prompts' => '/Users/adam/Library/Caches/typescript/4.3/node_modules/@types/prompts/index.d.ts'
[18:21:27.503] Adding entry into typings cache: 'prop-types' => '/Users/adam/Library/Caches/typescript/4.3/node_modules/@types/prop-types/index.d.ts'
[18:21:27.504] Adding entry into typings cache: 'proper-lockfile' => '/Users/adam/Library/Caches/typescript/4.3/node_modules/@types/proper-lockfile/index.d.ts'
[18:21:27.504] Adding entry into typings cache: 'protocols' => '/Users/adam/Library/Caches/typescript/4.3/node_modules/@types/protocols/index.d.ts'
[18:21:27.505] Adding entry into typings cache: 'proxy-addr' => '/Users/adam/Library/Caches/typescript/4.3/node_modules/@types/proxy-addr/index.d.ts'
[18:21:27.505] Adding entry into typings cache: 'psl' => '/Users/adam/Library/Caches/typescript/4.3/node_modules/@types/psl/index.d.ts'
[18:21:27.506] Adding entry into typings cache: 'pump' => '/Users/adam/Library/Caches/typescript/4.3/node_modules/@types/pump/index.d.ts'
[18:21:27.506] Adding entry into typings cache: 'pumpify' => '/Users/adam/Library/Caches/typescript/4.3/node_modules/@types/pumpify/index.d.ts'
[18:21:27.507] Adding entry into typings cache: 'punycode' => '/Users/adam/Library/Caches/typescript/4.3/node_modules/@types/punycode/index.d.ts'
[18:21:27.507] Adding entry into typings cache: 'q' => '/Users/adam/Library/Caches/typescript/4.3/node_modules/@types/q/index.d.ts'
[18:21:27.508] Adding entry into typings cache: 'qs' => '/Users/adam/Library/Caches/typescript/4.3/node_modules/@types/qs/index.d.ts'
[18:21:27.509] Adding entry into typings cache: 'querystringify' => '/Users/adam/Library/Caches/typescript/4.3/node_modules/@types/querystringify/index.d.ts'
[18:21:27.509] Adding entry into typings cache: 'randombytes' => '/Users/adam/Library/Caches/typescript/4.3/node_modules/@types/randombytes/index.d.ts'
[18:21:27.510] Adding entry into typings cache: 'range-parser' => '/Users/adam/Library/Caches/typescript/4.3/node_modules/@types/range-parser/index.d.ts'
[18:21:27.510] Adding entry into typings cache: 'rc' => '/Users/adam/Library/Caches/typescript/4.3/node_modules/@types/rc/index.d.ts'
[18:21:27.510] Adding entry into typings cache: 'react' => '/Users/adam/Library/Caches/typescript/4.3/node_modules/@types/react/index.d.ts'
[18:21:27.511] Adding entry into typings cache: 'react-dev-utils' => '/Users/adam/Library/Caches/typescript/4.3/node_modules/@types/react-dev-utils/index.d.ts'
[18:21:27.511] Adding entry into typings cache: 'react-dom' => '/Users/adam/Library/Caches/typescript/4.3/node_modules/@types/react-dom/index.d.ts'
[18:21:27.512] Adding entry into typings cache: 'react-helmet' => '/Users/adam/Library/Caches/typescript/4.3/node_modules/@types/react-helmet/index.d.ts'
[18:21:27.513] Adding entry into typings cache: 'react-is' => '/Users/adam/Library/Caches/typescript/4.3/node_modules/@types/react-is/index.d.ts'
[18:21:27.513] Adding entry into typings cache: 'react-lifecycles-compat' => '/Users/adam/Library/Caches/typescript/4.3/node_modules/@types/react-lifecycles-compat/index.d.ts'
[18:21:27.514] Adding entry into typings cache: 'react-side-effect' => '/Users/adam/Library/Caches/typescript/4.3/node_modules/@types/react-side-effect/index.d.ts'
[18:21:27.514] Adding entry into typings cache: 'react-transition-group' => '/Users/adam/Library/Caches/typescript/4.3/node_modules/@types/react-transition-group/index.d.ts'
[18:21:27.515] Adding entry into typings cache: 'read' => '/Users/adam/Library/Caches/typescript/4.3/node_modules/@types/read/index.d.ts'
[18:21:27.516] Adding entry into typings cache: 'readable-stream' => '/Users/adam/Library/Caches/typescript/4.3/node_modules/@types/readable-stream/index.d.ts'
[18:21:27.516] Adding entry into typings cache: 'recursive-readdir' => '/Users/adam/Library/Caches/typescript/4.3/node_modules/@types/recursive-readdir/index.d.ts'
[18:21:27.516] Adding entry into typings cache: 'regenerate' => '/Users/adam/Library/Caches/typescript/4.3/node_modules/@types/regenerate/index.d.ts'
[18:21:27.517] Adding entry into typings cache: 'regenerator-runtime' => '/Users/adam/Library/Caches/typescript/4.3/node_modules/@types/regenerator-runtime/index.d.ts'
[18:21:27.517] Adding entry into typings cache: 'registry-auth-token' => '/Users/adam/Library/Caches/typescript/4.3/node_modules/@types/registry-auth-token/index.d.ts'
[18:21:27.518] Adding entry into typings cache: 'repeat-element' => '/Users/adam/Library/Caches/typescript/4.3/node_modules/@types/repeat-element/index.d.ts'
[18:21:27.519] Adding entry into typings cache: 'repeat-string' => '/Users/adam/Library/Caches/typescript/4.3/node_modules/@types/repeat-string/index.d.ts'
[18:21:27.520] Adding entry into typings cache: 'repeating' => '/Users/adam/Library/Caches/typescript/4.3/node_modules/@types/repeating/index.d.ts'
[18:21:27.521] Adding entry into typings cache: 'replace-ext' => '/Users/adam/Library/Caches/typescript/4.3/node_modules/@types/replace-ext/index.d.ts'
[18:21:27.521] Adding entry into typings cache: 'request' => '/Users/adam/Library/Caches/typescript/4.3/node_modules/@types/request/index.d.ts'
[18:21:27.522] Adding entry into typings cache: 'require-directory' => '/Users/adam/Library/Caches/typescript/4.3/node_modules/@types/require-directory/index.d.ts'
[18:21:27.522] Adding entry into typings cache: 'require-from-string' => '/Users/adam/Library/Caches/typescript/4.3/node_modules/@types/require-from-string/index.d.ts'
[18:21:27.523] Adding entry into typings cache: 'requires-port' => '/Users/adam/Library/Caches/typescript/4.3/node_modules/@types/requires-port/index.d.ts'
[18:21:27.524] Adding entry into typings cache: 'resolve' => '/Users/adam/Library/Caches/typescript/4.3/node_modules/@types/resolve/index.d.ts'
[18:21:27.524] Adding entry into typings cache: 'responselike' => '/Users/adam/Library/Caches/typescript/4.3/node_modules/@types/responselike/index.d.ts'
[18:21:27.524] Adding entry into typings cache: 'retry' => '/Users/adam/Library/Caches/typescript/4.3/node_modules/@types/retry/index.d.ts'
[18:21:27.525] Adding entry into typings cache: 'rimraf' => '/Users/adam/Library/Caches/typescript/4.3/node_modules/@types/rimraf/index.d.ts'
[18:21:27.526] Adding entry into typings cache: 'run-parallel' => '/Users/adam/Library/Caches/typescript/4.3/node_modules/@types/run-parallel/index.d.ts'
[18:21:27.526] Adding entry into typings cache: 'safe-regex' => '/Users/adam/Library/Caches/typescript/4.3/node_modules/@types/safe-regex/index.d.ts'
[18:21:27.527] Adding entry into typings cache: 'safer-buffer' => '/Users/adam/Library/Caches/typescript/4.3/node_modules/@types/safer-buffer/index.d.ts'
[18:21:27.527] Adding entry into typings cache: 'sanitize-html' => '/Users/adam/Library/Caches/typescript/4.3/node_modules/@types/sanitize-html/index.d.ts'
[18:21:27.528] Adding entry into typings cache: 'sax' => '/Users/adam/Library/Caches/typescript/4.3/node_modules/@types/sax/index.d.ts'
[18:21:27.528] Adding entry into typings cache: 'scheduler' => '/Users/adam/Library/Caches/typescript/4.3/node_modules/@types/scheduler/index.d.ts'
[18:21:27.528] Adding entry into typings cache: 'scrollreveal' => '/Users/adam/Library/Caches/typescript/4.3/node_modules/@types/scrollreveal/index.d.ts'
[18:21:27.529] Adding entry into typings cache: 'semver' => '/Users/adam/Library/Caches/typescript/4.3/node_modules/@types/semver/index.d.ts'
[18:21:27.529] Adding entry into typings cache: 'semver-compare' => '/Users/adam/Library/Caches/typescript/4.3/node_modules/@types/semver-compare/index.d.ts'
[18:21:27.530] Adding entry into typings cache: 'send' => '/Users/adam/Library/Caches/typescript/4.3/node_modules/@types/send/index.d.ts'
[18:21:27.531] Adding entry into typings cache: 'serialize-javascript' => '/Users/adam/Library/Caches/typescript/4.3/node_modules/@types/serialize-javascript/index.d.ts'
[18:21:27.532] Adding entry into typings cache: 'serve-index' => '/Users/adam/Library/Caches/typescript/4.3/node_modules/@types/serve-index/index.d.ts'
[18:21:27.532] Adding entry into typings cache: 'serve-static' => '/Users/adam/Library/Caches/typescript/4.3/node_modules/@types/serve-static/index.d.ts'
[18:21:27.533] Adding entry into typings cache: 'set-value' => '/Users/adam/Library/Caches/typescript/4.3/node_modules/@types/set-value/index.d.ts'
[18:21:27.534] Adding entry into typings cache: 'shallowequal' => '/Users/adam/Library/Caches/typescript/4.3/node_modules/@types/shallowequal/index.d.ts'
[18:21:27.534] Adding entry into typings cache: 'sharp' => '/Users/adam/Library/Caches/typescript/4.3/node_modules/@types/sharp/index.d.ts'
[18:21:27.535] Adding entry into typings cache: 'shebang-command' => '/Users/adam/Library/Caches/typescript/4.3/node_modules/@types/shebang-command/index.d.ts'
[18:21:27.535] Adding entry into typings cache: 'shell-quote' => '/Users/adam/Library/Caches/typescript/4.3/node_modules/@types/shell-quote/index.d.ts'
[18:21:27.536] Adding entry into typings cache: 'signal-exit' => '/Users/adam/Library/Caches/typescript/4.3/node_modules/@types/signal-exit/index.d.ts'
[18:21:27.537] Adding entry into typings cache: 'single-trailing-newline' => '/Users/adam/Library/Caches/typescript/4.3/node_modules/@types/single-trailing-newline/index.d.ts'
[18:21:27.537] Adding entry into typings cache: 'slice-ansi' => '/Users/adam/Library/Caches/typescript/4.3/node_modules/@types/slice-ansi/index.d.ts'
[18:21:27.537] Adding entry into typings cache: 'smooth-scroll' => '/Users/adam/Library/Caches/typescript/4.3/node_modules/@types/smooth-scroll/index.d.ts'
[18:21:27.538] Adding entry into typings cache: 'sockjs' => '/Users/adam/Library/Caches/typescript/4.3/node_modules/@types/sockjs/index.d.ts'
[18:21:27.538] Adding entry into typings cache: 'sockjs-client' => '/Users/adam/Library/Caches/typescript/4.3/node_modules/@types/sockjs-client/index.d.ts'
[18:21:27.539] Adding entry into typings cache: 'source-list-map' => '/Users/adam/Library/Caches/typescript/4.3/node_modules/@types/source-list-map/index.d.ts'
[18:21:27.540] Adding entry into typings cache: 'source-map-support' => '/Users/adam/Library/Caches/typescript/4.3/node_modules/@types/source-map-support/index.d.ts'
[18:21:27.540] Adding entry into typings cache: 'spdx-correct' => '/Users/adam/Library/Caches/typescript/4.3/node_modules/@types/spdx-correct/index.d.ts'
[18:21:27.541] Adding entry into typings cache: 'spdx-expression-parse' => '/Users/adam/Library/Caches/typescript/4.3/node_modules/@types/spdx-expression-parse/index.d.ts'
[18:21:27.541] Adding entry into typings cache: 'spdy' => '/Users/adam/Library/Caches/typescript/4.3/node_modules/@types/spdy/index.d.ts'
[18:21:27.542] Adding entry into typings cache: 'sprintf' => '/Users/adam/Library/Caches/typescript/4.3/node_modules/@types/sprintf/index.d.ts'
[18:21:27.542] Adding entry into typings cache: 'sprintf-js' => '/Users/adam/Library/Caches/typescript/4.3/node_modules/@types/sprintf-js/index.d.ts'
[18:21:27.543] Adding entry into typings cache: 'ssri' => '/Users/adam/Library/Caches/typescript/4.3/node_modules/@types/ssri/index.d.ts'
[18:21:27.543] Adding entry into typings cache: 'stack-trace' => '/Users/adam/Library/Caches/typescript/4.3/node_modules/@types/stack-trace/index.d.ts'
[18:21:27.543] Adding entry into typings cache: 'stack-utils' => '/Users/adam/Library/Caches/typescript/4.3/node_modules/@types/stack-utils/index.d.ts'
[18:21:27.544] Adding entry into typings cache: 'statuses' => '/Users/adam/Library/Caches/typescript/4.3/node_modules/@types/statuses/index.d.ts'
[18:21:27.544] Adding entry into typings cache: 'stream-shift' => '/Users/adam/Library/Caches/typescript/4.3/node_modules/@types/stream-shift/index.d.ts'
[18:21:27.545] Adding entry into typings cache: 'strict-uri-encode' => '/Users/adam/Library/Caches/typescript/4.3/node_modules/@types/strict-uri-encode/index.d.ts'
[18:21:27.545] Adding entry into typings cache: 'string-natural-compare' => '/Users/adam/Library/Caches/typescript/4.3/node_modules/@types/string-natural-compare/index.d.ts'
[18:21:27.546] Adding entry into typings cache: 'string-similarity' => '/Users/adam/Library/Caches/typescript/4.3/node_modules/@types/string-similarity/index.d.ts'
[18:21:27.547] Adding entry into typings cache: 'string.prototype.matchall' => '/Users/adam/Library/Caches/typescript/4.3/node_modules/@types/string.prototype.matchall/index.d.ts'
[18:21:27.547] Adding entry into typings cache: 'stringify-object' => '/Users/adam/Library/Caches/typescript/4.3/node_modules/@types/stringify-object/index.d.ts'
[18:21:27.548] Adding entry into typings cache: 'strip-comments' => '/Users/adam/Library/Caches/typescript/4.3/node_modules/@types/strip-comments/index.d.ts'
[18:21:27.548] Adding entry into typings cache: 'strip-final-newline' => '/Users/adam/Library/Caches/typescript/4.3/node_modules/@types/strip-final-newline/index.d.ts'
[18:21:27.549] Adding entry into typings cache: 'styled-components' => '/Users/adam/Library/Caches/typescript/4.3/node_modules/@types/styled-components/index.d.ts'
[18:21:27.549] Adding entry into typings cache: 'supports-color' => '/Users/adam/Library/Caches/typescript/4.3/node_modules/@types/supports-color/index.d.ts'
[18:21:27.550] Adding entry into typings cache: 'svgo' => '/Users/adam/Library/Caches/typescript/4.3/node_modules/@types/svgo/index.d.ts'
[18:21:27.550] Adding entry into typings cache: 'symbol-tree' => '/Users/adam/Library/Caches/typescript/4.3/node_modules/@types/symbol-tree/index.d.ts'
[18:21:27.551] Adding entry into typings cache: 'tar' => '/Users/adam/Library/Caches/typescript/4.3/node_modules/@types/tar/index.d.ts'
[18:21:27.551] Adding entry into typings cache: 'tar-fs' => '/Users/adam/Library/Caches/typescript/4.3/node_modules/@types/tar-fs/index.d.ts'
[18:21:27.552] Adding entry into typings cache: 'tar-stream' => '/Users/adam/Library/Caches/typescript/4.3/node_modules/@types/tar-stream/index.d.ts'
[18:21:27.554] Adding entry into typings cache: 'terser-webpack-plugin' => '/Users/adam/Library/Caches/typescript/4.3/node_modules/@types/terser-webpack-plugin/index.d.ts'
[18:21:27.555] Adding entry into typings cache: 'text-table' => '/Users/adam/Library/Caches/typescript/4.3/node_modules/@types/text-table/index.d.ts'
[18:21:27.555] Adding entry into typings cache: 'through' => '/Users/adam/Library/Caches/typescript/4.3/node_modules/@types/through/index.d.ts'
[18:21:27.556] Adding entry into typings cache: 'through2' => '/Users/adam/Library/Caches/typescript/4.3/node_modules/@types/through2/index.d.ts'
[18:21:27.556] Adding entry into typings cache: 'thunky' => '/Users/adam/Library/Caches/typescript/4.3/node_modules/@types/thunky/index.d.ts'
[18:21:27.557] Adding entry into typings cache: 'timsort' => '/Users/adam/Library/Caches/typescript/4.3/node_modules/@types/timsort/index.d.ts'
[18:21:27.558] Adding entry into typings cache: 'tinycolor2' => '/Users/adam/Library/Caches/typescript/4.3/node_modules/@types/tinycolor2/index.d.ts'
[18:21:27.559] Adding entry into typings cache: 'tmp' => '/Users/adam/Library/Caches/typescript/4.3/node_modules/@types/tmp/index.d.ts'
[18:21:27.559] Adding entry into typings cache: 'tough-cookie' => '/Users/adam/Library/Caches/typescript/4.3/node_modules/@types/tough-cookie/index.d.ts'
[18:21:27.560] Adding entry into typings cache: 'trim' => '/Users/adam/Library/Caches/typescript/4.3/node_modules/@types/trim/index.d.ts'
[18:21:27.560] Adding entry into typings cache: 'type-check' => '/Users/adam/Library/Caches/typescript/4.3/node_modules/@types/type-check/index.d.ts'
[18:21:27.561] Adding entry into typings cache: 'type-detect' => '/Users/adam/Library/Caches/typescript/4.3/node_modules/@types/type-detect/index.d.ts'
[18:21:27.562] Adding entry into typings cache: 'type-is' => '/Users/adam/Library/Caches/typescript/4.3/node_modules/@types/type-is/index.d.ts'
[18:21:27.562] Adding entry into typings cache: 'unc-path-regex' => '/Users/adam/Library/Caches/typescript/4.3/node_modules/@types/unc-path-regex/index.d.ts'
[18:21:27.563] Adding entry into typings cache: 'underscore' => '/Users/adam/Library/Caches/typescript/4.3/node_modules/@types/underscore/index.d.ts'
[18:21:27.563] Adding entry into typings cache: 'underscore.string' => '/Users/adam/Library/Caches/typescript/4.3/node_modules/@types/underscore.string/index.d.ts'
[18:21:27.564] Adding entry into typings cache: 'uniq' => '/Users/adam/Library/Caches/typescript/4.3/node_modules/@types/uniq/index.d.ts'
[18:21:27.564] Adding entry into typings cache: 'universalify' => '/Users/adam/Library/Caches/typescript/4.3/node_modules/@types/universalify/index.d.ts'
[18:21:27.565] Adding entry into typings cache: 'unixify' => '/Users/adam/Library/Caches/typescript/4.3/node_modules/@types/unixify/index.d.ts'
[18:21:27.565] Adding entry into typings cache: 'update-notifier' => '/Users/adam/Library/Caches/typescript/4.3/node_modules/@types/update-notifier/index.d.ts'
[18:21:27.566] Adding entry into typings cache: 'urix' => '/Users/adam/Library/Caches/typescript/4.3/node_modules/@types/urix/index.d.ts'
[18:21:27.567] Adding entry into typings cache: 'url-parse' => '/Users/adam/Library/Caches/typescript/4.3/node_modules/@types/url-parse/index.d.ts'
[18:21:27.567] Adding entry into typings cache: 'url-template' => '/Users/adam/Library/Caches/typescript/4.3/node_modules/@types/url-template/index.d.ts'
[18:21:27.568] Adding entry into typings cache: 'utif' => '/Users/adam/Library/Caches/typescript/4.3/node_modules/@types/utif/index.d.ts'
[18:21:27.568] Adding entry into typings cache: 'util-deprecate' => '/Users/adam/Library/Caches/typescript/4.3/node_modules/@types/util-deprecate/index.d.ts'
[18:21:27.569] Adding entry into typings cache: 'util.promisify' => '/Users/adam/Library/Caches/typescript/4.3/node_modules/@types/util.promisify/index.d.ts'
[18:21:27.570] Adding entry into typings cache: 'utils-merge' => '/Users/adam/Library/Caches/typescript/4.3/node_modules/@types/utils-merge/index.d.ts'
[18:21:27.570] Adding entry into typings cache: 'uuid' => '/Users/adam/Library/Caches/typescript/4.3/node_modules/@types/uuid/index.d.ts'
[18:21:27.570] Adding entry into typings cache: 'valid-url' => '/Users/adam/Library/Caches/typescript/4.3/node_modules/@types/valid-url/index.d.ts'
[18:21:27.571] Adding entry into typings cache: 'validate-npm-package-license' => '/Users/adam/Library/Caches/typescript/4.3/node_modules/@types/validate-npm-package-license/index.d.ts'
[18:21:27.571] Adding entry into typings cache: 'vary' => '/Users/adam/Library/Caches/typescript/4.3/node_modules/@types/vary/index.d.ts'
[18:21:27.572] Adding entry into typings cache: 'w3c-hr-time' => '/Users/adam/Library/Caches/typescript/4.3/node_modules/@types/w3c-hr-time/index.d.ts'
[18:21:27.572] Adding entry into typings cache: 'w3c-xmlserializer' => '/Users/adam/Library/Caches/typescript/4.3/node_modules/@types/w3c-xmlserializer/index.d.ts'
[18:21:27.573] Adding entry into typings cache: 'watchpack' => '/Users/adam/Library/Caches/typescript/4.3/node_modules/@types/watchpack/index.d.ts'
[18:21:27.574] Adding entry into typings cache: 'webidl-conversions' => '/Users/adam/Library/Caches/typescript/4.3/node_modules/@types/webidl-conversions/index.d.ts'
[18:21:27.574] Adding entry into typings cache: 'webpack-assets-manifest' => '/Users/adam/Library/Caches/typescript/4.3/node_modules/@types/webpack-assets-manifest/index.d.ts'
[18:21:27.575] Adding entry into typings cache: 'webpack-dev-middleware' => '/Users/adam/Library/Caches/typescript/4.3/node_modules/@types/webpack-dev-middleware/index.d.ts'
[18:21:27.575] Adding entry into typings cache: 'webpack-dev-server' => '/Users/adam/Library/Caches/typescript/4.3/node_modules/@types/webpack-dev-server/index.d.ts'
[18:21:27.577] Adding entry into typings cache: 'webpack-sources' => '/Users/adam/Library/Caches/typescript/4.3/node_modules/@types/webpack-sources/index.d.ts'
[18:21:27.577] Adding entry into typings cache: 'webpack-stats-plugin' => '/Users/adam/Library/Caches/typescript/4.3/node_modules/@types/webpack-stats-plugin/index.d.ts'
[18:21:27.578] Adding entry into typings cache: 'webpack-virtual-modules' => '/Users/adam/Library/Caches/typescript/4.3/node_modules/@types/webpack-virtual-modules/index.d.ts'
[18:21:27.578] Adding entry into typings cache: 'whatwg-encoding' => '/Users/adam/Library/Caches/typescript/4.3/node_modules/@types/whatwg-encoding/index.d.ts'
[18:21:27.579] Adding entry into typings cache: 'whatwg-mimetype' => '/Users/adam/Library/Caches/typescript/4.3/node_modules/@types/whatwg-mimetype/index.d.ts'
[18:21:27.579] Adding entry into typings cache: 'whatwg-url' => '/Users/adam/Library/Caches/typescript/4.3/node_modules/@types/whatwg-url/index.d.ts'
[18:21:27.580] Adding entry into typings cache: 'which' => '/Users/adam/Library/Caches/typescript/4.3/node_modules/@types/which/index.d.ts'
[18:21:27.580] Adding entry into typings cache: 'workbox-background-sync' => '/Users/adam/Library/Caches/typescript/4.3/node_modules/@types/workbox-background-sync/index.d.ts'
[18:21:27.581] Adding entry into typings cache: 'workbox-broadcast-update' => '/Users/adam/Library/Caches/typescript/4.3/node_modules/@types/workbox-broadcast-update/index.d.ts'
[18:21:27.581] Adding entry into typings cache: 'workbox-build' => '/Users/adam/Library/Caches/typescript/4.3/node_modules/@types/workbox-build/index.d.ts'
[18:21:27.582] Adding entry into typings cache: 'workbox-cacheable-response' => '/Users/adam/Library/Caches/typescript/4.3/node_modules/@types/workbox-cacheable-response/index.d.ts'
[18:21:27.582] Adding entry into typings cache: 'workbox-core' => '/Users/adam/Library/Caches/typescript/4.3/node_modules/@types/workbox-core/index.d.ts'
[18:21:27.582] Adding entry into typings cache: 'workbox-expiration' => '/Users/adam/Library/Caches/typescript/4.3/node_modules/@types/workbox-expiration/index.d.ts'
[18:21:27.583] Adding entry into typings cache: 'workbox-google-analytics' => '/Users/adam/Library/Caches/typescript/4.3/node_modules/@types/workbox-google-analytics/index.d.ts'
[18:21:27.583] Adding entry into typings cache: 'workbox-navigation-preload' => '/Users/adam/Library/Caches/typescript/4.3/node_modules/@types/workbox-navigation-preload/index.d.ts'
[18:21:27.584] Adding entry into typings cache: 'workbox-precaching' => '/Users/adam/Library/Caches/typescript/4.3/node_modules/@types/workbox-precaching/index.d.ts'
[18:21:27.584] Adding entry into typings cache: 'workbox-range-requests' => '/Users/adam/Library/Caches/typescript/4.3/node_modules/@types/workbox-range-requests/index.d.ts'
[18:21:27.585] Adding entry into typings cache: 'workbox-routing' => '/Users/adam/Library/Caches/typescript/4.3/node_modules/@types/workbox-routing/index.d.ts'
[18:21:27.585] Adding entry into typings cache: 'workbox-strategies' => '/Users/adam/Library/Caches/typescript/4.3/node_modules/@types/workbox-strategies/index.d.ts'
[18:21:27.585] Adding entry into typings cache: 'workbox-streams' => '/Users/adam/Library/Caches/typescript/4.3/node_modules/@types/workbox-streams/index.d.ts'
[18:21:27.586] Adding entry into typings cache: 'workbox-sw' => '/Users/adam/Library/Caches/typescript/4.3/node_modules/@types/workbox-sw/index.d.ts'
[18:21:27.586] Adding entry into typings cache: 'workbox-window' => '/Users/adam/Library/Caches/typescript/4.3/node_modules/@types/workbox-window/index.d.ts'
[18:21:27.587] Adding entry into typings cache: 'wrap-ansi' => '/Users/adam/Library/Caches/typescript/4.3/node_modules/@types/wrap-ansi/index.d.ts'
[18:21:27.587] Adding entry into typings cache: 'write' => '/Users/adam/Library/Caches/typescript/4.3/node_modules/@types/write/index.d.ts'
[18:21:27.587] Adding entry into typings cache: 'write-file-atomic' => '/Users/adam/Library/Caches/typescript/4.3/node_modules/@types/write-file-atomic/index.d.ts'
[18:21:27.588] Adding entry into typings cache: 'ws' => '/Users/adam/Library/Caches/typescript/4.3/node_modules/@types/ws/index.d.ts'
[18:21:27.588] Adding entry into typings cache: 'xml2js' => '/Users/adam/Library/Caches/typescript/4.3/node_modules/@types/xml2js/index.d.ts'
[18:21:27.589] Adding entry into typings cache: 'xmldom' => '/Users/adam/Library/Caches/typescript/4.3/node_modules/@types/xmldom/index.d.ts'
[18:21:27.589] Adding entry into typings cache: 'xtend' => '/Users/adam/Library/Caches/typescript/4.3/node_modules/@types/xtend/index.d.ts'
[18:21:27.589] Adding entry into typings cache: 'y18n' => '/Users/adam/Library/Caches/typescript/4.3/node_modules/@types/y18n/index.d.ts'
[18:21:27.590] Adding entry into typings cache: 'yallist' => '/Users/adam/Library/Caches/typescript/4.3/node_modules/@types/yallist/index.d.ts'
[18:21:27.590] Adding entry into typings cache: 'yargs' => '/Users/adam/Library/Caches/typescript/4.3/node_modules/@types/yargs/index.d.ts'
[18:21:27.590] Adding entry into typings cache: 'yargs-parser' => '/Users/adam/Library/Caches/typescript/4.3/node_modules/@types/yargs-parser/index.d.ts'
[18:21:27.591] Adding entry into typings cache: 'yargs-unparser' => '/Users/adam/Library/Caches/typescript/4.3/node_modules/@types/yargs-unparser/index.d.ts'
[18:21:27.591] Adding entry into typings cache: 'yauzl' => '/Users/adam/Library/Caches/typescript/4.3/node_modules/@types/yauzl/index.d.ts'
[18:21:27.591] Adding entry into typings cache: 'yeast' => '/Users/adam/Library/Caches/typescript/4.3/node_modules/@types/yeast/index.d.ts'
[18:21:27.591] Finished processing cache location '/Users/adam/Library/Caches/typescript/4.3'
[18:21:27.592] Process id: 19792
[18:21:27.592] NPM location: /opt/homebrew/Cellar/node/16.5.0/bin/npm (explicit '--npmLocation' not  provided)
[18:21:27.592] validateDefaultNpmLocation: false
[18:21:27.592] Npm config file: /Users/adam/Library/Caches/typescript/4.3/package.json
[18:21:27.592] Updating types-registry npm package...
[18:21:27.592] Exec: /opt/homebrew/Cellar/node/16.5.0/bin/npm install --ignore-scripts types-registry@latest
[18:21:27.598]     Failed. stdout:
    stderr:
    /bin/sh: /opt/homebrew/Cellar/node/16.5.0/bin/npm: No such file or directory
    
[18:21:27.598] Updated types-registry npm package
[18:21:28.755] Got install request {"projectName":"/dev/null/inferredProject1*","fileNames":["/opt/homebrew/lib/node_modules/typescript/lib/lib.es5.d.ts","/opt/homebrew/lib/node_modules/typescript/lib/lib.es2015.d.ts","/opt/homebrew/lib/node_modules/typescript/lib/lib.es2016.d.ts","/opt/homebrew/lib/node_modules/typescript/lib/lib.dom.d.ts","/opt/homebrew/lib/node_modules/typescript/lib/lib.dom.iterable.d.ts","/opt/homebrew/lib/node_modules/typescript/lib/lib.webworker.importscripts.d.ts","/opt/homebrew/lib/node_modules/typescript/lib/lib.scripthost.d.ts","/opt/homebrew/lib/node_modules/typescript/lib/lib.es2015.core.d.ts","/opt/homebrew/lib/node_modules/typescript/lib/lib.es2015.collection.d.ts","/opt/homebrew/lib/node_modules/typescript/lib/lib.es2015.generator.d.ts","/opt/homebrew/lib/node_modules/typescript/lib/lib.es2015.iterable.d.ts","/opt/homebrew/lib/node_modules/typescript/lib/lib.es2015.promise.d.ts","/opt/homebrew/lib/node_modules/typescript/lib/lib.es2015.proxy.d.ts","/opt/homebrew/lib/node_modules/typescript/lib/lib.es2015.reflect.d.ts","/opt/homebrew/lib/node_modules/typescript/lib/lib.es2015.symbol.d.ts","/opt/homebrew/lib/node_modules/typescript/lib/lib.es2015.symbol.wellknown.d.ts","/opt/homebrew/lib/node_modules/typescript/lib/lib.es2016.array.include.d.ts","/opt/homebrew/lib/node_modules/typescript/lib/lib.es2016.full.d.ts","/Users/adam/Repositories/adimension.io/src/pages/index.js"],"compilerOptions":{"module":1,"target":3,"jsx":1,"allowJs":true,"allowSyntheticDefaultImports":true,"allowNonTsExtensions":true,"noEmitForJsFiles":true,"maxNodeModuleJsDepth":2},"typeAcquisition":{"enable":true,"include":[],"exclude":[]},"unresolvedImports":["@components"],"projectRootPath":"/Users/adam/Repositories/adimension.io/src/pages","kind":"discover"}
[18:21:28.757] Loaded safelist from types map file '/opt/homebrew/lib/node_modules/typescript/lib/typesmap.json'
[18:21:28.757] Explicitly included types: []
[18:21:28.758] Inferred typings from unresolved imports: ["@components"]
[18:21:28.758] Result: {"cachedTypingPaths":[],"newTypingNames":["@components"],"filesToWatch":["/Users/adam/Repositories/adimension.io/src/pages/bower_components","/Users/adam/Repositories/adimension.io/src/pages/node_modules"]}
[18:21:28.758] Finished typings discovery: {"cachedTypingPaths":[],"newTypingNames":["@components"],"filesToWatch":["/Users/adam/Repositories/adimension.io/src/pages/bower_components","/Users/adam/Repositories/adimension.io/src/pages/node_modules"]}
[18:21:28.758] DirectoryWatcher:: Added:: WatchInfo: /Users/adam/Repositories/adimension.io/src/pages/bower_components
[18:21:28.758] DirectoryWatcher:: Added:: WatchInfo: /Users/adam/Repositories/adimension.io/src/pages/bower_components 1 undefined Project: /dev/null/inferredProject1* watcher already invoked: false
[18:21:28.759] Elapsed:: 0.446042001247406ms DirectoryWatcher:: Added:: WatchInfo: /Users/adam/Repositories/adimension.io/src/pages/bower_components 1 undefined Project: /dev/null/inferredProject1* watcher already invoked: false
[18:21:28.759] DirectoryWatcher:: Added:: WatchInfo: /Users/adam/Repositories/adimension.io/src/pages/node_modules
[18:21:28.759] DirectoryWatcher:: Added:: WatchInfo: /Users/adam/Repositories/adimension.io/src/pages/node_modules 1 undefined Project: /dev/null/inferredProject1* watcher already invoked: false
[18:21:28.759] Elapsed:: 0.04291599988937378ms DirectoryWatcher:: Added:: WatchInfo: /Users/adam/Repositories/adimension.io/src/pages/node_modules 1 undefined Project: /dev/null/inferredProject1* watcher already invoked: false
[18:21:28.759] Installing typings ["@components"]
[18:21:28.759] '@components':: Package name '@components' contains non URI safe characters
[18:21:28.759] All typings are known to be missing or invalid - no need to install more typings
[18:21:28.759] Sending response:
    {"projectName":"/dev/null/inferredProject1*","typeAcquisition":{"enable":true,"include":[],"exclude":[]},"compilerOptions":{"module":1,"target":3,"jsx":1,"allowJs":true,"allowSyntheticDefaultImports":true,"allowNonTsExtensions":true,"noEmitForJsFiles":true,"maxNodeModuleJsDepth":2},"typings":[],"unresolvedImports":["@components"],"kind":"action::set"}
[18:21:28.760] Response has been sent.
